Removed Pin From Net: NetName=MD1_A Pin=P7-1
Removed Pin From Net: NetName=MD1_B Pin=P7-2
Removed Pin From Net: NetName=VCC Pin=P7-3
Removed Pin From Net: NetName=M1_QA Pin=P7-4
Removed Pin From Net: NetName=M1_QB Pin=P7-5
Removed Pin From Net: NetName=GND Pin=P7-6
Removed Pin From Net: NetName=GND Pin=P8-1
Removed Pin From Net: NetName=VBAT Pin=P8-2
Removed Member From Class: ClassName=Logic Member=P7
Removed Member From Class: ClassName=Logic Member=P8
Change Component Footprint: Designator=C15 Old Footprint=chip_0603 New Footprint=chip_0603
Change Component Footprint: Designator=C16 Old Footprint=chip_0603 New Footprint=chip_0603
Change Component Footprint: Designator=C17 Old Footprint=chip_0603 New Footprint=chip_0603
Change Component Footprint: Designator=C18 Old Footprint=chip_0603 New Footprint=chip_0603
Change Component Footprint: Designator=D0 Old Footprint=chip_0603 New Footprint=chip_0603
Change Component Footprint: Designator=D1 Old Footprint=chip_0603 New Footprint=chip_0603
Change Component Footprint: Designator=D2 Old Footprint=chip_0603 New Footprint=chip_0603
Change Component Footprint: Designator=D3 Old Footprint=chip_0603 New Footprint=chip_0603
Change Component Footprint: Designator=D4 Old Footprint=chip_0603 New Footprint=chip_0603
Change Component Footprint: Designator=D5 Old Footprint=chip_0603 New Footprint=chip_0603
Change Component Footprint: Designator=D6 Old Footprint=chip_0603 New Footprint=chip_0603
Change Component Footprint: Designator=D7 Old Footprint=chip_0603 New Footprint=chip_0603
Change Component Footprint: Designator=D8 Old Footprint=chip_0603 New Footprint=chip_0603
Change Component Footprint: Designator=R0 Old Footprint=chip_0603 New Footprint=chip_0603
Change Component Footprint: Designator=R1 Old Footprint=chip_0603 New Footprint=chip_0603
Change Component Footprint: Designator=R2 Old Footprint=chip_0603 New Footprint=chip_0603
Change Component Footprint: Designator=R3 Old Footprint=chip_0603 New Footprint=chip_0603
Change Component Footprint: Designator=R4 Old Footprint=chip_0603 New Footprint=chip_0603
Change Component Footprint: Designator=R5 Old Footprint=chip_0603 New Footprint=chip_0603
Change Component Footprint: Designator=R6 Old Footprint=chip_0603 New Footprint=chip_0603
Change Component Footprint: Designator=R7 Old Footprint=chip_0603 New Footprint=chip_0603
Change Component Footprint: Designator=R8 Old Footprint=chip_0603 New Footprint=chip_0603
Change Component Footprint: Designator=R9 Old Footprint=chip_0603 New Footprint=chip_0603
Change Component Footprint: Designator=R10 Old Footprint=chip_0603 New Footprint=chip_0603
Change Component Footprint: Designator=R11 Old Footprint=chip_0603 New Footprint=chip_0603
Change Component Footprint: Designator=R12 Old Footprint=chip_0603 New Footprint=chip_0603
Change Component Footprint: Designator=R13 Old Footprint=chip_0603 New Footprint=chip_0603
Change Component Footprint: Designator=R14 Old Footprint=chip_0603 New Footprint=chip_0603
Change Component Footprint: Designator=R15 Old Footprint=chip_0603 New Footprint=chip_0603
Change Component Footprint: Designator=R16 Old Footprint=chip_0603 New Footprint=chip_0603
Change Component Footprint: Designator=R17 Old Footprint=chip_0603 New Footprint=chip_0603
Change Component Footprint: Designator=R18 Old Footprint=chip_0603 New Footprint=chip_0603
Change Component Footprint: Designator=R19 Old Footprint=chip_0603 New Footprint=chip_0603
Change Component Footprint: Designator=R20 Old Footprint=chip_0603 New Footprint=chip_0603
Change Component Footprint: Designator=R23 Old Footprint=chip_0603 New Footprint=chip_0603
Change Component Footprint: Designator=R24 Old Footprint=chip_0603 New Footprint=chip_0603
Change Component Footprint: Designator=R25 Old Footprint=chip_0603 New Footprint=chip_0603
Change Component Footprint: Designator=R26 Old Footprint=chip_0603 New Footprint=chip_0603
Change Component Footprint: Designator=R27 Old Footprint=chip_0603 New Footprint=chip_0603
Change Component Footprint: Designator=R28 Old Footprint=chip_0603 New Footprint=chip_0603
Change Component Footprint: Designator=R29 Old Footprint=chip_0603 New Footprint=chip_0603
Change Component Footprint: Designator=R30 Old Footprint=chip_0603 New Footprint=chip_0603
Change Component Footprint: Designator=R31 Old Footprint=chip_0603 New Footprint=chip_0603
Change Component Footprint: Designator=R32 Old Footprint=chip_0603 New Footprint=chip_0603
Change Component Footprint: Designator=R33 Old Footprint=chip_0603 New Footprint=chip_0603
Change Component Footprint: Designator=R34 Old Footprint=chip_0603 New Footprint=chip_0603
Change Component Footprint: Designator=C1 Old Footprint=chip_0805 New Footprint=chip_0805
Change Component Footprint: Designator=C2 Old Footprint=chip_0805 New Footprint=chip_0805
Change Component Footprint: Designator=C4 Old Footprint=chip_0805 New Footprint=chip_0805
Change Component Footprint: Designator=C6 Old Footprint=chip_0805 New Footprint=chip_0805
Change Component Footprint: Designator=C7 Old Footprint=chip_0805 New Footprint=chip_0805
Change Component Footprint: Designator=C8 Old Footprint=chip_0805 New Footprint=chip_0805
Change Component Footprint: Designator=C9 Old Footprint=chip_0805 New Footprint=chip_0805
Change Component Footprint: Designator=C10 Old Footprint=chip_0805 New Footprint=chip_0805
Change Component Footprint: Designator=C11 Old Footprint=chip_0805 New Footprint=chip_0805
Change Component Footprint: Designator=C12 Old Footprint=chip_0805 New Footprint=chip_0805
Change Component Footprint: Designator=C13 Old Footprint=chip_0805 New Footprint=chip_0805
Change Component Footprint: Designator=C14 Old Footprint=chip_0805 New Footprint=chip_0805
Change Component Footprint: Designator=C19 Old Footprint=chip_0805 New Footprint=chip_0805
Change Component Footprint: Designator=C20 Old Footprint=chip_0805 New Footprint=chip_0805
Change Component Footprint: Designator=C21 Old Footprint=chip_0805 New Footprint=chip_0805
Change Component Footprint: Designator=C22 Old Footprint=chip_0805 New Footprint=chip_0805
Change Component Footprint: Designator=C23 Old Footprint=chip_0805 New Footprint=chip_0805
Change Component Footprint: Designator=C24 Old Footprint=chip_0805 New Footprint=chip_0805
Change Component Footprint: Designator=C3 Old Footprint=chip_1210 New Footprint=chip_1210
Change Component Footprint: Designator=C5 Old Footprint=chip_1210 New Footprint=chip_1210
Change Component Footprint: Designator=R21 Old Footprint=chip_2512 New Footprint=chip_2512
Change Component Footprint: Designator=R22 Old Footprint=chip_2512 New Footprint=chip_2512
Change Component Footprint: Designator=P6 Old Footprint=HDDR_6X1_0 New Footprint=JST_PHR_6_0
Change Component Footprint: Designator=P0 Old Footprint=JST_PHR_6_0 New Footprint=HDDR_6X1_0
Change Component Footprint: Designator=P1 Old Footprint=JST_PHR_6_0 New Footprint=HDDR_6X1_0
Change Component Footprint: Designator=P2 Old Footprint=JST_PHR_6_0 New Footprint=HDDR_6X1_0
Change Component Footprint: Designator=P3 Old Footprint=JST_PHR_6_0 New Footprint=HDDR_6X1_0
Change Component Footprint: Designator=P4 Old Footprint=JST_PHR_6_0 New Footprint=HDDR_6X1_0
Change Component Footprint: Designator=P5 Old Footprint=JST_PHR_6_0 New Footprint=HDDR_6X1_0
Change Component Footprint: Designator=U0 Old Footprint=LQFP64_0 New Footprint=LQFP64_0
Change component parameters: Designator = "P0"; Footprint = "HDDR_6X1_0"; UniqueID = "\EITZDYMM"
Change component parameters. Clean all parameters for all variants
Change component parameters (AddParameter): Name = "Levels"; Value = "1"; VariantName = "[No Variations]"
Change component parameters (AddParameter): Name = "Part Number"; Value = "CONN-00008"; VariantName = "[No Variations]"
Change component parameters (AddParameter): Name = "Positions per level"; Value = "6"; VariantName = "[No Variations]"
Change component parameters: Designator = "P1"; Footprint = "HDDR_6X1_0"; UniqueID = "\CLJHZOKS"
Change component parameters. Clean all parameters for all variants
Change component parameters (AddParameter): Name = "Levels"; Value = "1"; VariantName = "[No Variations]"
Change component parameters (AddParameter): Name = "Part Number"; Value = "CONN-00008"; VariantName = "[No Variations]"
Change component parameters (AddParameter): Name = "Positions per level"; Value = "6"; VariantName = "[No Variations]"
Change component parameters: Designator = "P2"; Footprint = "HDDR_6X1_0"; UniqueID = "\LEMRZQDV"
Change component parameters. Clean all parameters for all variants
Change component parameters (AddParameter): Name = "Levels"; Value = "1"; VariantName = "[No Variations]"
Change component parameters (AddParameter): Name = "Part Number"; Value = "CONN-00008"; VariantName = "[No Variations]"
Change component parameters (AddParameter): Name = "Positions per level"; Value = "6"; VariantName = "[No Variations]"
Change component parameters: Designator = "P3"; Footprint = "HDDR_6X1_0"; UniqueID = "\QKKUOGOM"
Change component parameters. Clean all parameters for all variants
Change component parameters (AddParameter): Name = "Levels"; Value = "1"; VariantName = "[No Variations]"
Change component parameters (AddParameter): Name = "Part Number"; Value = "CONN-00008"; VariantName = "[No Variations]"
Change component parameters (AddParameter): Name = "Positions per level"; Value = "6"; VariantName = "[No Variations]"
Change component parameters: Designator = "P4"; Footprint = "HDDR_6X1_0"; UniqueID = "\DUIYJYZD"
Change component parameters. Clean all parameters for all variants
Change component parameters (AddParameter): Name = "Levels"; Value = "1"; VariantName = "[No Variations]"
Change component parameters (AddParameter): Name = "Part Number"; Value = "CONN-00008"; VariantName = "[No Variations]"
Change component parameters (AddParameter): Name = "Positions per level"; Value = "6"; VariantName = "[No Variations]"
Change component parameters: Designator = "P5"; Footprint = "HDDR_6X1_0"; UniqueID = "\WSJMUHBG"
Change component parameters. Clean all parameters for all variants
Change component parameters (AddParameter): Name = "Levels"; Value = "1"; VariantName = "[No Variations]"
Change component parameters (AddParameter): Name = "Part Number"; Value = "CONN-00008"; VariantName = "[No Variations]"
Change component parameters (AddParameter): Name = "Positions per level"; Value = "6"; VariantName = "[No Variations]"
Change component parameters: Designator = "P6"; Footprint = "JST_PHR_6_0"; UniqueID = "\GBYDSUMS"
Change component parameters. Clean all parameters for all variants
Change component parameters (AddParameter): Name = "Levels"; Value = "1"; VariantName = "[No Variations]"
Change component parameters (AddParameter): Name = "Manufacturer"; Value = "JST"; VariantName = "[No Variations]"
Change component parameters (AddParameter): Name = "Part Number"; Value = "CONN-00017"; VariantName = "[No Variations]"
Change component parameters (AddParameter): Name = "Positions per level"; Value = "6"; VariantName = "[No Variations]"
Change component parameters (AddParameter): Name = "Type"; Value = "Header"; VariantName = "[No Variations]"
Added Component: Designator=[7(JST_PHR_6_0)
Add component. Clean all parameters for all variants
Add component (AddParameter): Name = "Levels"; Value = "1"; VariantName = "[No Variations]"
Add component (AddParameter): Name = "Manufacturer"; Value = "JST"; VariantName = "[No Variations]"
Add component (AddParameter): Name = "Part Number"; Value = "CONN-00017"; VariantName = "[No Variations]"
Add component (AddParameter): Name = "Positions per level"; Value = "6"; VariantName = "[No Variations]"
Add component (AddParameter): Name = "Type"; Value = "Header"; VariantName = "[No Variations]"
Added Component: Designator=P?(PHOENIX_MKDS_5.08MM_2x1)
Add component. Clean all parameters for all variants
Add component (AddParameter): Name = "Current"; Value = "10"; VariantName = "[No Variations]"
Add component (AddParameter): Name = "Levels"; Value = "1"; VariantName = "[No Variations]"
Add component (AddParameter): Name = "Manufacturer"; Value = "Phoenix Contact"; VariantName = "[No Variations]"
Add component (AddParameter): Name = "Manufacturer PN"; Value = "1729128"; VariantName = "[No Variations]"
Add component (AddParameter): Name = "Part Number"; Value = "CONN-00014"; VariantName = "[No Variations]"
Add component (AddParameter): Name = "Positions per level"; Value = "2"; VariantName = "[No Variations]"
Add component (AddParameter): Name = "Type"; Value = "Terminal Block"; VariantName = "[No Variations]"
Added Pin To Net: NetName=MD1_A Pin=[7-1
Added Pin To Net: NetName=MD1_B Pin=[7-2
Added Pin To Net: NetName=VCC Pin=[7-3
Added Pin To Net: NetName=M1_QA Pin=[7-4
Added Pin To Net: NetName=M1_QB Pin=[7-5
Added Pin To Net: NetName=GND Pin=[7-6
Added Pin To Net: NetName=GND Pin=P?-1
Added Pin To Net: NetName=VBAT Pin=P?-2
Added Member To Class: ClassName=Logic Member=Component [7 conn-6x1_0
Added Member To Class: ClassName=Logic Member=Component P? conn-2x1_0
