Change Component Footprint: Designator=C15 Old Footprint=chip_0603 New Footprint=chip_0603
Change Component Footprint: Designator=C16 Old Footprint=chip_0603 New Footprint=chip_0603
Change Component Footprint: Designator=C17 Old Footprint=chip_0603 New Footprint=chip_0603
Change Component Footprint: Designator=C18 Old Footprint=chip_0603 New Footprint=chip_0603
Change Component Footprint: Designator=D0 Old Footprint=chip_0603 New Footprint=chip_0603
Change Component Footprint: Designator=D1 Old Footprint=chip_0603 New Footprint=chip_0603
Change Component Footprint: Designator=D2 Old Footprint=chip_0603 New Footprint=chip_0603
Change Component Footprint: Designator=D3 Old Footprint=chip_0603 New Footprint=chip_0603
Change Component Footprint: Designator=D4 Old Footprint=chip_0603 New Footprint=chip_0603
Change Component Footprint: Designator=D5 Old Footprint=chip_0603 New Footprint=chip_0603
Change Component Footprint: Designator=D6 Old Footprint=chip_0603 New Footprint=chip_0603
Change Component Footprint: Designator=D7 Old Footprint=chip_0603 New Footprint=chip_0603
Change Component Footprint: Designator=D8 Old Footprint=chip_0603 New Footprint=chip_0603
Change Component Footprint: Designator=R0 Old Footprint=chip_0603 New Footprint=chip_0603
Change Component Footprint: Designator=R1 Old Footprint=chip_0603 New Footprint=chip_0603
Change Component Footprint: Designator=R2 Old Footprint=chip_0603 New Footprint=chip_0603
Change Component Footprint: Designator=R3 Old Footprint=chip_0603 New Footprint=chip_0603
Change Component Footprint: Designator=R4 Old Footprint=chip_0603 New Footprint=chip_0603
Change Component Footprint: Designator=R5 Old Footprint=chip_0603 New Footprint=chip_0603
Change Component Footprint: Designator=R6 Old Footprint=chip_0603 New Footprint=chip_0603
Change Component Footprint: Designator=R7 Old Footprint=chip_0603 New Footprint=chip_0603
Change Component Footprint: Designator=R8 Old Footprint=chip_0603 New Footprint=chip_0603
Change Component Footprint: Designator=R9 Old Footprint=chip_0603 New Footprint=chip_0603
Change Component Footprint: Designator=R10 Old Footprint=chip_0603 New Footprint=chip_0603
Change Component Footprint: Designator=R11 Old Footprint=chip_0603 New Footprint=chip_0603
Change Component Footprint: Designator=R12 Old Footprint=chip_0603 New Footprint=chip_0603
Change Component Footprint: Designator=R13 Old Footprint=chip_0603 New Footprint=chip_0603
Change Component Footprint: Designator=R14 Old Footprint=chip_0603 New Footprint=chip_0603
Change Component Footprint: Designator=R15 Old Footprint=chip_0603 New Footprint=chip_0603
Change Component Footprint: Designator=R16 Old Footprint=chip_0603 New Footprint=chip_0603
Change Component Footprint: Designator=R17 Old Footprint=chip_0603 New Footprint=chip_0603
Change Component Footprint: Designator=R18 Old Footprint=chip_0603 New Footprint=chip_0603
Change Component Footprint: Designator=R19 Old Footprint=chip_0603 New Footprint=chip_0603
Change Component Footprint: Designator=R20 Old Footprint=chip_0603 New Footprint=chip_0603
Change Component Footprint: Designator=R23 Old Footprint=chip_0603 New Footprint=chip_0603
Change Component Footprint: Designator=R24 Old Footprint=chip_0603 New Footprint=chip_0603
Change Component Footprint: Designator=R25 Old Footprint=chip_0603 New Footprint=chip_0603
Change Component Footprint: Designator=R26 Old Footprint=chip_0603 New Footprint=chip_0603
Change Component Footprint: Designator=R27 Old Footprint=chip_0603 New Footprint=chip_0603
Change Component Footprint: Designator=R28 Old Footprint=chip_0603 New Footprint=chip_0603
Change Component Footprint: Designator=R29 Old Footprint=chip_0603 New Footprint=chip_0603
Change Component Footprint: Designator=R30 Old Footprint=chip_0603 New Footprint=chip_0603
Change Component Footprint: Designator=R31 Old Footprint=chip_0603 New Footprint=chip_0603
Change Component Footprint: Designator=R32 Old Footprint=chip_0603 New Footprint=chip_0603
Change Component Footprint: Designator=R33 Old Footprint=chip_0603 New Footprint=chip_0603
Change Component Footprint: Designator=R34 Old Footprint=chip_0603 New Footprint=chip_0603
Change Component Footprint: Designator=C1 Old Footprint=chip_0805 New Footprint=chip_0805
Change Component Footprint: Designator=C2 Old Footprint=chip_0805 New Footprint=chip_0805
Change Component Footprint: Designator=C4 Old Footprint=chip_0805 New Footprint=chip_0805
Change Component Footprint: Designator=C6 Old Footprint=chip_0805 New Footprint=chip_0805
Change Component Footprint: Designator=C7 Old Footprint=chip_0805 New Footprint=chip_0805
Change Component Footprint: Designator=C8 Old Footprint=chip_0805 New Footprint=chip_0805
Change Component Footprint: Designator=C9 Old Footprint=chip_0805 New Footprint=chip_0805
Change Component Footprint: Designator=C10 Old Footprint=chip_0805 New Footprint=chip_0805
Change Component Footprint: Designator=C11 Old Footprint=chip_0805 New Footprint=chip_0805
Change Component Footprint: Designator=C12 Old Footprint=chip_0805 New Footprint=chip_0805
Change Component Footprint: Designator=C13 Old Footprint=chip_0805 New Footprint=chip_0805
Change Component Footprint: Designator=C14 Old Footprint=chip_0805 New Footprint=chip_0805
Change Component Footprint: Designator=C19 Old Footprint=chip_0805 New Footprint=chip_0805
Change Component Footprint: Designator=C20 Old Footprint=chip_0805 New Footprint=chip_0805
Change Component Footprint: Designator=C21 Old Footprint=chip_0805 New Footprint=chip_0805
Change Component Footprint: Designator=C22 Old Footprint=chip_0805 New Footprint=chip_0805
Change Component Footprint: Designator=C23 Old Footprint=chip_0805 New Footprint=chip_0805
Change Component Footprint: Designator=C24 Old Footprint=chip_0805 New Footprint=chip_0805
Change Component Footprint: Designator=C3 Old Footprint=chip_1210 New Footprint=chip_1210
Change Component Footprint: Designator=C5 Old Footprint=chip_1210 New Footprint=chip_1210
Change Component Footprint: Designator=R21 Old Footprint=chip_2512 New Footprint=chip_2512
Change Component Footprint: Designator=R22 Old Footprint=chip_2512 New Footprint=chip_2512
Change Component Footprint: Designator=U0 Old Footprint=LQFP64_0 New Footprint=LQFP64_0
Change Component Designator: OldDesignator=[7 NewDesignator=P7
