Removed Pin From Net: NetName=VBAT_SWITCHED Pin=C0-1
Removed Pin From Net: NetName=GND Pin=C0-2
Removed Pin From Net: NetName=VBAT_SWITCHED Pin=C1-1
Removed Pin From Net: NetName=VCC Pin=C5-1
Removed Pin From Net: NetName=GND Pin=C5-2
Removed Pin From Net: NetName=VCC Pin=C8-1
Removed Pin From Net: NetName=GND Pin=C8-2
Removed Pin From Net: NetName=VCC Pin=C9-1
Removed Pin From Net: NetName=VCC Pin=C10-1
Removed Pin From Net: NetName=VCC Pin=C12-1
Removed Pin From Net: NetName=VCC Pin=C13-1
Removed Pin From Net: NetName=GND Pin=C24-1
Removed Pin From Net: NetName=NetC24_2 Pin=C24-2
Removed Pin From Net: NetName=GND Pin=D0-1
Removed Pin From Net: NetName=LED_0 Pin=R0-1
Removed Pin From Net: NetName=LED_1 Pin=R1-1
Removed Pin From Net: NetName=NetD1_2 Pin=R1-2
Removed Pin From Net: NetName=LED_2 Pin=R2-1
Removed Pin From Net: NetName=NetD2_2 Pin=R2-2
Removed Pin From Net: NetName=LED_3 Pin=R3-1
Removed Pin From Net: NetName=NetD3_2 Pin=R3-2
Removed Pin From Net: NetName=LED_4 Pin=R4-1
Removed Pin From Net: NetName=NetD4_2 Pin=R4-2
Removed Pin From Net: NetName=LED_5 Pin=R5-1
Removed Pin From Net: NetName=NetD5_2 Pin=R5-2
Removed Pin From Net: NetName=LED_6 Pin=R6-1
Removed Pin From Net: NetName=NetD6_2 Pin=R6-2
Removed Pin From Net: NetName=LED_7 Pin=R7-1
Removed Pin From Net: NetName=NetD7_2 Pin=R7-2
Removed Pin From Net: NetName=OPT_D Pin=R8-1
Removed Pin From Net: NetName=GND Pin=R8-2
Removed Pin From Net: NetName=OPT_C Pin=R9-1
Removed Pin From Net: NetName=GND Pin=R9-2
Removed Pin From Net: NetName=OPT_B Pin=R10-1
Removed Pin From Net: NetName=GND Pin=R10-2
Removed Pin From Net: NetName=GND Pin=R12-2
Removed Pin From Net: NetName=VCC Pin=R13-1
Removed Pin From Net: NetName=I2C_SDA Pin=R13-2
Removed Pin From Net: NetName=VCC Pin=R14-1
Removed Pin From Net: NetName=I2C_SCL Pin=R14-2
Removed Pin From Net: NetName=VCC Pin=R15-2
Removed Pin From Net: NetName=VCC Pin=R16-2
Removed Pin From Net: NetName=VCC Pin=R17-2
Removed Pin From Net: NetName=VCC Pin=R18-2
Removed Pin From Net: NetName=VCC Pin=R19-2
Removed Pin From Net: NetName=NetD8_2 Pin=R23-2
Removed Pin From Net: NetName=S0_SCL Pin=R24-2
Removed Pin From Net: NetName=S1_SCL Pin=R26-2
Removed Pin From Net: NetName=VCC Pin=R28-1
Removed Pin From Net: NetName=S2_SCL Pin=R28-2
Removed Pin From Net: NetName=VCC Pin=R30-1
Removed Pin From Net: NetName=S3_SCL Pin=R30-2
Removed Pin From Net: NetName=VCC Pin=R32-1
Removed Pin From Net: NetName=S4_SCL Pin=R32-2
Removed Pin From Net: NetName=VCC Pin=R34-1
Removed Pin From Net: NetName=S5_SCL Pin=R34-2
Removed Pin From Net: NetName=GND Pin=SW1-0
Removed Pin From Net: NetName=GND Pin=SW1-0
Removed Pin From Net: NetName=VBAT_SWITCHED Pin=SW1-3
Removed Pin From Net: NetName=NetC18_1 Pin=U0-6
Removed Pin From Net: NetName=NetR16_1 Pin=U1-18
Removed Pin From Net: NetName=NetC18_1 Pin=Y1-2
Removed Member From Class: ClassName=Logic Member=C0
Removed Member From Class: ClassName=Logic Member=D0
Removed Member From Class: ClassName=Logic Member=R0
Removed Member From Class: ClassName=Logic Member=Y1
Change Component Footprint: Designator=C9 Old Footprint=can_2.5_0 New Footprint=chip_0603
Change Component Footprint: Designator=C15 Old Footprint=chip_0603 New Footprint=chip_1206
Change Component Footprint: Designator=C16 Old Footprint=chip_0603 New Footprint=chip_1206
Change Component Footprint: Designator=C1 Old Footprint=chip_0805 New Footprint=chip_0603
Change Component Footprint: Designator=C3 Old Footprint=chip_0805 New Footprint=chip_0603
Change Component Footprint: Designator=C4 Old Footprint=chip_0805 New Footprint=chip_0603
Change Component Footprint: Designator=C6 Old Footprint=chip_0805 New Footprint=chip_0603
Change Component Footprint: Designator=C7 Old Footprint=chip_0805 New Footprint=chip_0603
Change Component Footprint: Designator=C10 Old Footprint=chip_0805 New Footprint=chip_0603
Change Component Footprint: Designator=C12 Old Footprint=chip_0805 New Footprint=chip_0603
Change Component Footprint: Designator=C13 Old Footprint=chip_0805 New Footprint=chip_0603
Change Component Footprint: Designator=C19 Old Footprint=chip_0805 New Footprint=chip_0603
Change Component Footprint: Designator=C21 Old Footprint=chip_0805 New Footprint=chip_0603
Change Component Footprint: Designator=C22 Old Footprint=chip_0805 New Footprint=chip_0603
Change Component Footprint: Designator=C23 Old Footprint=chip_0805 New Footprint=chip_0603
Change Component Footprint: Designator=C24 Old Footprint=chip_0805 New Footprint=chip_0603
Change Component Footprint: Designator=C20 Old Footprint=chip_0805 New Footprint=chip_1206
Change Component Footprint: Designator=C2 Old Footprint=chip_1210 New Footprint=chip_0603
Change Component Comment : Designator=C9 Old Comment=cap_single_p New Comment=cap_single_np
Change Component Designator: OldDesignator=C11 NewDesignator=C5
Change Component Designator: OldDesignator=C14 NewDesignator=C8
Change Component Designator: OldDesignator=P0 NewDesignator=P2
Change Component Designator: OldDesignator=P1 NewDesignator=P3
Change Component Designator: OldDesignator=P2 NewDesignator=P5
Change Component Designator: OldDesignator=P3 NewDesignator=P6
Change Component Designator: OldDesignator=P4 NewDesignator=P7
Change Component Designator: OldDesignator=P5 NewDesignator=P8
Change Component Designator: OldDesignator=P6 NewDesignator=P1
Change Component Designator: OldDesignator=P7 NewDesignator=P4
Change Component Designator: OldDesignator=P8 NewDesignator=P10
Change Component Designator: OldDesignator=R11 NewDesignator=R8
Change Component Designator: OldDesignator=R20 NewDesignator=R34
Change Component Designator: OldDesignator=R21 NewDesignator=R30
Change Component Designator: OldDesignator=R22 NewDesignator=R31
Change Component Designator: OldDesignator=R23 NewDesignator=R28
Change Component Designator: OldDesignator=R25 NewDesignator=R2
Change Component Designator: OldDesignator=R27 NewDesignator=R4
Change Component Designator: OldDesignator=R29 NewDesignator=R10
Change Component Designator: OldDesignator=R31 NewDesignator=R12
Change Component Designator: OldDesignator=R33 NewDesignator=R23
Change Component Designator: OldDesignator=R35 NewDesignator=R25
Change Component Designator: OldDesignator=SW0 NewDesignator=SW1
Change Component Designator: OldDesignator=SW1 NewDesignator=SW3
Change Component Designator: OldDesignator=U0 NewDesignator=U1
Change Component Designator: OldDesignator=U1 NewDesignator=U3
Change Component Designator: OldDesignator=U3 NewDesignator=U4
Change Component Designator: OldDesignator=Y0 NewDesignator=Y1
Change component parameters: Designator = "R16"; Footprint = "chip_0603"; UniqueID = "\QEZXQJAQ"
Change component parameters. Clean all parameters for all variants
Change component parameters (AddParameter): Name = "Manufacturer"; Value = "Panasonic"; VariantName = "[No Variations]"
Change component parameters (AddParameter): Name = "Manufacturer PN"; Value = "ERJ-PA3F4700V"; VariantName = "[No Variations]"
Change component parameters (AddParameter): Name = "Part Number"; Value = "RES-00236"; VariantName = "[No Variations]"
Change component parameters (AddParameter): Name = "Power Rating"; Value = "0.25W"; VariantName = "[No Variations]"
Change component parameters (AddParameter): Name = "Resistance"; Value = "470"; VariantName = "[No Variations]"
Change component parameters (AddParameter): Name = "Tolerance"; Value = "1%"; VariantName = "[No Variations]"
Change component parameters: Designator = "C1"; Footprint = "chip_0603"; UniqueID = "\CTADUWEN"
Change component parameters. Clean all parameters for all variants
Change component parameters (AddParameter): Name = "Capacitance"; Value = "0.1uF"; VariantName = "[No Variations]"
Change component parameters (AddParameter): Name = "Manufacturer"; Value = "Murata"; VariantName = "[No Variations]"
Change component parameters (AddParameter): Name = "Part Number"; Value = "CAP-00542"; VariantName = "[No Variations]"
Change component parameters (AddParameter): Name = "Tolerance"; Value = "±10%"; VariantName = "[No Variations]"
Change component parameters (AddParameter): Name = "Type"; Value = "X7R"; VariantName = "[No Variations]"
Change component parameters (AddParameter): Name = "Voltage Rating"; Value = "16V"; VariantName = "[No Variations]"
Change component parameters: Designator = "C3"; Footprint = "chip_0603"; UniqueID = "\ITBCYYEO"
Change component parameters. Clean all parameters for all variants
Change component parameters (AddParameter): Name = "Capacitance"; Value = "0.1uF"; VariantName = "[No Variations]"
Change component parameters (AddParameter): Name = "Manufacturer"; Value = "Murata"; VariantName = "[No Variations]"
Change component parameters (AddParameter): Name = "Part Number"; Value = "CAP-00542"; VariantName = "[No Variations]"
Change component parameters (AddParameter): Name = "Tolerance"; Value = "±10%"; VariantName = "[No Variations]"
Change component parameters (AddParameter): Name = "Type"; Value = "X7R"; VariantName = "[No Variations]"
Change component parameters (AddParameter): Name = "Voltage Rating"; Value = "16V"; VariantName = "[No Variations]"
Change component parameters: Designator = "C4"; Footprint = "chip_0603"; UniqueID = "\QPTAONYH"
Change component parameters. Clean all parameters for all variants
Change component parameters (AddParameter): Name = "Capacitance"; Value = "0.1uF"; VariantName = "[No Variations]"
Change component parameters (AddParameter): Name = "Manufacturer"; Value = "Murata"; VariantName = "[No Variations]"
Change component parameters (AddParameter): Name = "Part Number"; Value = "CAP-00542"; VariantName = "[No Variations]"
Change component parameters (AddParameter): Name = "Tolerance"; Value = "±10%"; VariantName = "[No Variations]"
Change component parameters (AddParameter): Name = "Type"; Value = "X7R"; VariantName = "[No Variations]"
Change component parameters (AddParameter): Name = "Voltage Rating"; Value = "16V"; VariantName = "[No Variations]"
Change component parameters: Designator = "C7"; Footprint = "chip_0603"; UniqueID = "\BFMIILBT"
Change component parameters. Clean all parameters for all variants
Change component parameters (AddParameter): Name = "Capacitance"; Value = "0.1uF"; VariantName = "[No Variations]"
Change component parameters (AddParameter): Name = "Manufacturer"; Value = "Murata"; VariantName = "[No Variations]"
Change component parameters (AddParameter): Name = "Part Number"; Value = "CAP-00542"; VariantName = "[No Variations]"
Change component parameters (AddParameter): Name = "Tolerance"; Value = "±10%"; VariantName = "[No Variations]"
Change component parameters (AddParameter): Name = "Type"; Value = "X7R"; VariantName = "[No Variations]"
Change component parameters (AddParameter): Name = "Voltage Rating"; Value = "16V"; VariantName = "[No Variations]"
Change component parameters: Designator = "C13"; Footprint = "chip_0603"; UniqueID = "\UMNSJSIH"
Change component parameters. Clean all parameters for all variants
Change component parameters (AddParameter): Name = "Capacitance"; Value = "0.1uF"; VariantName = "[No Variations]"
Change component parameters (AddParameter): Name = "Manufacturer"; Value = "Murata"; VariantName = "[No Variations]"
Change component parameters (AddParameter): Name = "Part Number"; Value = "CAP-00542"; VariantName = "[No Variations]"
Change component parameters (AddParameter): Name = "Tolerance"; Value = "±10%"; VariantName = "[No Variations]"
Change component parameters (AddParameter): Name = "Type"; Value = "X7R"; VariantName = "[No Variations]"
Change component parameters (AddParameter): Name = "Voltage Rating"; Value = "16V"; VariantName = "[No Variations]"
Change component parameters: Designator = "C19"; Footprint = "chip_0603"; UniqueID = "\ZCCDFOET"
Change component parameters. Clean all parameters for all variants
Change component parameters (AddParameter): Name = "Capacitance"; Value = "0.1uF"; VariantName = "[No Variations]"
Change component parameters (AddParameter): Name = "Manufacturer"; Value = "Murata"; VariantName = "[No Variations]"
Change component parameters (AddParameter): Name = "Part Number"; Value = "CAP-00542"; VariantName = "[No Variations]"
Change component parameters (AddParameter): Name = "Tolerance"; Value = "±10%"; VariantName = "[No Variations]"
Change component parameters (AddParameter): Name = "Type"; Value = "X7R"; VariantName = "[No Variations]"
Change component parameters (AddParameter): Name = "Voltage Rating"; Value = "16V"; VariantName = "[No Variations]"
Change component parameters: Designator = "C21"; Footprint = "chip_0603"; UniqueID = "\CPOPPKLX"
Change component parameters. Clean all parameters for all variants
Change component parameters (AddParameter): Name = "Capacitance"; Value = "0.1uF"; VariantName = "[No Variations]"
Change component parameters (AddParameter): Name = "Manufacturer"; Value = "Murata"; VariantName = "[No Variations]"
Change component parameters (AddParameter): Name = "Part Number"; Value = "CAP-00542"; VariantName = "[No Variations]"
Change component parameters (AddParameter): Name = "Tolerance"; Value = "±10%"; VariantName = "[No Variations]"
Change component parameters (AddParameter): Name = "Type"; Value = "X7R"; VariantName = "[No Variations]"
Change component parameters (AddParameter): Name = "Voltage Rating"; Value = "16V"; VariantName = "[No Variations]"
Change component parameters: Designator = "C22"; Footprint = "chip_0603"; UniqueID = "\TEQKUPDI"
Change component parameters. Clean all parameters for all variants
Change component parameters (AddParameter): Name = "Capacitance"; Value = "0.1uF"; VariantName = "[No Variations]"
Change component parameters (AddParameter): Name = "Manufacturer"; Value = "Murata"; VariantName = "[No Variations]"
Change component parameters (AddParameter): Name = "Part Number"; Value = "CAP-00542"; VariantName = "[No Variations]"
Change component parameters (AddParameter): Name = "Tolerance"; Value = "±10%"; VariantName = "[No Variations]"
Change component parameters (AddParameter): Name = "Type"; Value = "X7R"; VariantName = "[No Variations]"
Change component parameters (AddParameter): Name = "Voltage Rating"; Value = "16V"; VariantName = "[No Variations]"
Change component parameters: Designator = "C23"; Footprint = "chip_0603"; UniqueID = "\MYKDSPTF"
Change component parameters. Clean all parameters for all variants
Change component parameters (AddParameter): Name = "Capacitance"; Value = "0.1uF"; VariantName = "[No Variations]"
Change component parameters (AddParameter): Name = "Manufacturer"; Value = "Murata"; VariantName = "[No Variations]"
Change component parameters (AddParameter): Name = "Part Number"; Value = "CAP-00542"; VariantName = "[No Variations]"
Change component parameters (AddParameter): Name = "Tolerance"; Value = "±10%"; VariantName = "[No Variations]"
Change component parameters (AddParameter): Name = "Type"; Value = "X7R"; VariantName = "[No Variations]"
Change component parameters (AddParameter): Name = "Voltage Rating"; Value = "16V"; VariantName = "[No Variations]"
Change component parameters: Designator = "C24"; Footprint = "chip_0603"; UniqueID = "\LOFWYHTM"
Change component parameters. Clean all parameters for all variants
Change component parameters (AddParameter): Name = "Capacitance"; Value = "0.1uF"; VariantName = "[No Variations]"
Change component parameters (AddParameter): Name = "Manufacturer"; Value = "Murata"; VariantName = "[No Variations]"
Change component parameters (AddParameter): Name = "Part Number"; Value = "CAP-00542"; VariantName = "[No Variations]"
Change component parameters (AddParameter): Name = "Tolerance"; Value = "±10%"; VariantName = "[No Variations]"
Change component parameters (AddParameter): Name = "Type"; Value = "X7R"; VariantName = "[No Variations]"
Change component parameters (AddParameter): Name = "Voltage Rating"; Value = "16V"; VariantName = "[No Variations]"
Change component parameters: Designator = "R1"; Footprint = "chip_0603"; UniqueID = "\LFNPWKHA"
Change component parameters. Clean all parameters for all variants
Change component parameters (AddParameter): Name = "Manufacturer"; Value = "Panasonic"; VariantName = "[No Variations]"
Change component parameters (AddParameter): Name = "Manufacturer PN"; Value = "ERJ-PA3F1501V"; VariantName = "[No Variations]"
Change component parameters (AddParameter): Name = "Part Number"; Value = "RES-00284"; VariantName = "[No Variations]"
Change component parameters (AddParameter): Name = "Power Rating"; Value = "0.25W"; VariantName = "[No Variations]"
Change component parameters (AddParameter): Name = "Resistance"; Value = "1.5k"; VariantName = "[No Variations]"
Change component parameters (AddParameter): Name = "Tolerance"; Value = "1%"; VariantName = "[No Variations]"
Change component parameters: Designator = "R3"; Footprint = "chip_0603"; UniqueID = "\IAZHTHWA"
Change component parameters. Clean all parameters for all variants
Change component parameters (AddParameter): Name = "Manufacturer"; Value = "Panasonic"; VariantName = "[No Variations]"
Change component parameters (AddParameter): Name = "Manufacturer PN"; Value = "ERJ-PA3F1501V"; VariantName = "[No Variations]"
Change component parameters (AddParameter): Name = "Part Number"; Value = "RES-00284"; VariantName = "[No Variations]"
Change component parameters (AddParameter): Name = "Power Rating"; Value = "0.25W"; VariantName = "[No Variations]"
Change component parameters (AddParameter): Name = "Resistance"; Value = "1.5k"; VariantName = "[No Variations]"
Change component parameters (AddParameter): Name = "Tolerance"; Value = "1%"; VariantName = "[No Variations]"
Change component parameters: Designator = "R5"; Footprint = "chip_0603"; UniqueID = "\NLQZGANS"
Change component parameters. Clean all parameters for all variants
Change component parameters (AddParameter): Name = "Manufacturer"; Value = "Panasonic"; VariantName = "[No Variations]"
Change component parameters (AddParameter): Name = "Manufacturer PN"; Value = "ERJ-PA3F4700V"; VariantName = "[No Variations]"
Change component parameters (AddParameter): Name = "Part Number"; Value = "RES-00236"; VariantName = "[No Variations]"
Change component parameters (AddParameter): Name = "Power Rating"; Value = "0.25W"; VariantName = "[No Variations]"
Change component parameters (AddParameter): Name = "Resistance"; Value = "470"; VariantName = "[No Variations]"
Change component parameters (AddParameter): Name = "Tolerance"; Value = "1%"; VariantName = "[No Variations]"
Change component parameters: Designator = "R6"; Footprint = "chip_0603"; UniqueID = "\AWGJJELF"
Change component parameters. Clean all parameters for all variants
Change component parameters (AddParameter): Name = "Manufacturer"; Value = "Panasonic"; VariantName = "[No Variations]"
Change component parameters (AddParameter): Name = "Manufacturer PN"; Value = "ERJ-PA3F4700V"; VariantName = "[No Variations]"
Change component parameters (AddParameter): Name = "Part Number"; Value = "RES-00236"; VariantName = "[No Variations]"
Change component parameters (AddParameter): Name = "Power Rating"; Value = "0.25W"; VariantName = "[No Variations]"
Change component parameters (AddParameter): Name = "Resistance"; Value = "470"; VariantName = "[No Variations]"
Change component parameters (AddParameter): Name = "Tolerance"; Value = "1%"; VariantName = "[No Variations]"
Change component parameters: Designator = "R7"; Footprint = "chip_0603"; UniqueID = "\OAJLXVRQ"
Change component parameters. Clean all parameters for all variants
Change component parameters (AddParameter): Name = "Manufacturer"; Value = "Panasonic"; VariantName = "[No Variations]"
Change component parameters (AddParameter): Name = "Manufacturer PN"; Value = "ERJ-PA3F4700V"; VariantName = "[No Variations]"
Change component parameters (AddParameter): Name = "Part Number"; Value = "RES-00236"; VariantName = "[No Variations]"
Change component parameters (AddParameter): Name = "Power Rating"; Value = "0.25W"; VariantName = "[No Variations]"
Change component parameters (AddParameter): Name = "Resistance"; Value = "470"; VariantName = "[No Variations]"
Change component parameters (AddParameter): Name = "Tolerance"; Value = "1%"; VariantName = "[No Variations]"
Change component parameters: Designator = "R9"; Footprint = "chip_0603"; UniqueID = "\GOHSLGDA"
Change component parameters. Clean all parameters for all variants
Change component parameters (AddParameter): Name = "Manufacturer"; Value = "Panasonic"; VariantName = "[No Variations]"
Change component parameters (AddParameter): Name = "Manufacturer PN"; Value = "ERJ-PA3F1501V"; VariantName = "[No Variations]"
Change component parameters (AddParameter): Name = "Part Number"; Value = "RES-00284"; VariantName = "[No Variations]"
Change component parameters (AddParameter): Name = "Power Rating"; Value = "0.25W"; VariantName = "[No Variations]"
Change component parameters (AddParameter): Name = "Resistance"; Value = "1.5k"; VariantName = "[No Variations]"
Change component parameters (AddParameter): Name = "Tolerance"; Value = "1%"; VariantName = "[No Variations]"
Change component parameters: Designator = "R13"; Footprint = "chip_0603"; UniqueID = "\OTNLPYKY"
Change component parameters. Clean all parameters for all variants
Change component parameters (AddParameter): Name = "Manufacturer"; Value = "Panasonic"; VariantName = "[No Variations]"
Change component parameters (AddParameter): Name = "Manufacturer PN"; Value = "ERJ-PA3F3300V"; VariantName = "[No Variations]"
Change component parameters (AddParameter): Name = "Part Number"; Value = "RES-00221"; VariantName = "[No Variations]"
Change component parameters (AddParameter): Name = "Power Rating"; Value = "0.25W"; VariantName = "[No Variations]"
Change component parameters (AddParameter): Name = "Resistance"; Value = "330"; VariantName = "[No Variations]"
Change component parameters (AddParameter): Name = "Tolerance"; Value = "1%"; VariantName = "[No Variations]"
Change component parameters: Designator = "R14"; Footprint = "chip_0603"; UniqueID = "\BLNCCPFA"
Change component parameters. Clean all parameters for all variants
Change component parameters (AddParameter): Name = "Manufacturer"; Value = "Panasonic"; VariantName = "[No Variations]"
Change component parameters (AddParameter): Name = "Manufacturer PN"; Value = "ERJ-PA3F3300V"; VariantName = "[No Variations]"
Change component parameters (AddParameter): Name = "Part Number"; Value = "RES-00221"; VariantName = "[No Variations]"
Change component parameters (AddParameter): Name = "Tolerance"; Value = "1%"; VariantName = "[No Variations]"
Change component parameters: Designator = "R15"; Footprint = "chip_0603"; UniqueID = "\MNNGYGPD"
Change component parameters. Clean all parameters for all variants
Change component parameters (AddParameter): Name = "Manufacturer"; Value = "Panasonic"; VariantName = "[No Variations]"
Change component parameters (AddParameter): Name = "Manufacturer PN"; Value = "ERJ-PA3F3300V"; VariantName = "[No Variations]"
Change component parameters (AddParameter): Name = "Part Number"; Value = "RES-00221"; VariantName = "[No Variations]"
Change component parameters (AddParameter): Name = "Tolerance"; Value = "1%"; VariantName = "[No Variations]"
Change component parameters: Designator = "R17"; Footprint = "chip_0603"; UniqueID = "\AMXDEIEG"
Change component parameters. Clean all parameters for all variants
Change component parameters (AddParameter): Name = "Manufacturer"; Value = "Panasonic"; VariantName = "[No Variations]"
Change component parameters (AddParameter): Name = "Manufacturer PN"; Value = "ERJ-PA3F3300V"; VariantName = "[No Variations]"
Change component parameters (AddParameter): Name = "Part Number"; Value = "RES-00221"; VariantName = "[No Variations]"
Change component parameters (AddParameter): Name = "Tolerance"; Value = "1%"; VariantName = "[No Variations]"
Change component parameters: Designator = "R18"; Footprint = "chip_0603"; UniqueID = "\OIHISODY"
Change component parameters. Clean all parameters for all variants
Change component parameters (AddParameter): Name = "Manufacturer"; Value = "Panasonic"; VariantName = "[No Variations]"
Change component parameters (AddParameter): Name = "Manufacturer PN"; Value = "ERJ-PA3F3300V"; VariantName = "[No Variations]"
Change component parameters (AddParameter): Name = "Part Number"; Value = "RES-00221"; VariantName = "[No Variations]"
Change component parameters (AddParameter): Name = "Tolerance"; Value = "1%"; VariantName = "[No Variations]"
Change component parameters: Designator = "R19"; Footprint = "chip_0603"; UniqueID = "\FUZAYWSL"
Change component parameters. Clean all parameters for all variants
Change component parameters (AddParameter): Name = "Manufacturer"; Value = "Panasonic"; VariantName = "[No Variations]"
Change component parameters (AddParameter): Name = "Manufacturer PN"; Value = "ERJ-PA3F3300V"; VariantName = "[No Variations]"
Change component parameters (AddParameter): Name = "Part Number"; Value = "RES-00221"; VariantName = "[No Variations]"
Change component parameters (AddParameter): Name = "Tolerance"; Value = "1%"; VariantName = "[No Variations]"
Change component parameters: Designator = "C6"; Footprint = "chip_0603"; UniqueID = "\PSGEZSUI"
Change component parameters. Clean all parameters for all variants
Change component parameters (AddParameter): Name = "Capacitance"; Value = "2.2uF"; VariantName = "[No Variations]"
Change component parameters (AddParameter): Name = "Manufacturer"; Value = "Murata"; VariantName = "[No Variations]"
Change component parameters (AddParameter): Name = "Manufacturer PN"; Value = "GRM188R71A225KE15J"; VariantName = "[No Variations]"
Change component parameters (AddParameter): Name = "Part Number"; Value = "CAP-00531"; VariantName = "[No Variations]"
Change component parameters (AddParameter): Name = "Tolerance"; Value = "±10%"; VariantName = "[No Variations]"
Change component parameters (AddParameter): Name = "Type"; Value = "X7R"; VariantName = "[No Variations]"
Change component parameters (AddParameter): Name = "Voltage Rating"; Value = "10V"; VariantName = "[No Variations]"
Change component parameters: Designator = "C20"; Footprint = "chip_1206"; UniqueID = "\QDQRXLGH"
Change component parameters. Clean all parameters for all variants
Change component parameters (AddParameter): Name = "Capacitance"; Value = "10uF"; VariantName = "[No Variations]"
Change component parameters (AddParameter): Name = "Manufacturer"; Value = "Samsung"; VariantName = "[No Variations]"
Change component parameters (AddParameter): Name = "Manufacturer PN"; Value = "CL31B106KAHNNNE"; VariantName = "[No Variations]"
Change component parameters (AddParameter): Name = "Part Number"; Value = "CAP-00539"; VariantName = "[No Variations]"
Change component parameters (AddParameter): Name = "Tolerance"; Value = "±10%"; VariantName = "[No Variations]"
Change component parameters (AddParameter): Name = "Type"; Value = "X7R"; VariantName = "[No Variations]"
Change component parameters (AddParameter): Name = "Voltage Rating"; Value = "25V"; VariantName = "[No Variations]"
Change component parameters: Designator = "C12"; Footprint = "chip_0603"; UniqueID = "\EHDEAAQP"
Change component parameters. Clean all parameters for all variants
Change component parameters (AddParameter): Name = "Capacitance"; Value = "8pF"; VariantName = "[No Variations]"
Change component parameters (AddParameter): Name = "Manufacturer"; Value = "Murata"; VariantName = "[No Variations]"
Change component parameters (AddParameter): Name = "Manufacturer PN"; Value = "GRM1885C1H8R0BA01D"; VariantName = "[No Variations]"
Change component parameters (AddParameter): Name = "Part Number"; Value = "CAP-00402"; VariantName = "[No Variations]"
Change component parameters (AddParameter): Name = "Tolerance"; Value = "±0.1pF"; VariantName = "[No Variations]"
Change component parameters (AddParameter): Name = "Type"; Value = "C0G"; VariantName = "[No Variations]"
Change component parameters (AddParameter): Name = "Voltage Rating"; Value = "50V"; VariantName = "[No Variations]"
Change component parameters: Designator = "C17"; Footprint = "chip_0603"; UniqueID = "\EKRDKWKK"
Change component parameters. Clean all parameters for all variants
Change component parameters (AddParameter): Name = "Capacitance"; Value = "0.1uF"; VariantName = "[No Variations]"
Change component parameters (AddParameter): Name = "Manufacturer"; Value = "Murata"; VariantName = "[No Variations]"
Change component parameters (AddParameter): Name = "Part Number"; Value = "CAP-00542"; VariantName = "[No Variations]"
Change component parameters (AddParameter): Name = "Tolerance"; Value = "±10%"; VariantName = "[No Variations]"
Change component parameters (AddParameter): Name = "Type"; Value = "X7R"; VariantName = "[No Variations]"
Change component parameters (AddParameter): Name = "Voltage Rating"; Value = "16V"; VariantName = "[No Variations]"
Change component parameters: Designator = "C18"; Footprint = "chip_0603"; UniqueID = "\RKCVWXRA"
Change component parameters. Clean all parameters for all variants
Change component parameters (AddParameter): Name = "Capacitance"; Value = "2.2uF"; VariantName = "[No Variations]"
Change component parameters (AddParameter): Name = "Manufacturer"; Value = "Murata"; VariantName = "[No Variations]"
Change component parameters (AddParameter): Name = "Manufacturer PN"; Value = "GRM188R71A225KE15J"; VariantName = "[No Variations]"
Change component parameters (AddParameter): Name = "Part Number"; Value = "CAP-00531"; VariantName = "[No Variations]"
Change component parameters (AddParameter): Name = "Tolerance"; Value = "±10%"; VariantName = "[No Variations]"
Change component parameters (AddParameter): Name = "Type"; Value = "X7R"; VariantName = "[No Variations]"
Change component parameters (AddParameter): Name = "Voltage Rating"; Value = "10V"; VariantName = "[No Variations]"
Change component parameters: Designator = "C2"; Footprint = "chip_0603"; UniqueID = "\ZOOLXIMW"
Change component parameters. Clean all parameters for all variants
Change component parameters (AddParameter): Name = "Capacitance"; Value = "0.1uF"; VariantName = "[No Variations]"
Change component parameters (AddParameter): Name = "Manufacturer"; Value = "Murata"; VariantName = "[No Variations]"
Change component parameters (AddParameter): Name = "Part Number"; Value = "CAP-00542"; VariantName = "[No Variations]"
Change component parameters (AddParameter): Name = "Tolerance"; Value = "±10%"; VariantName = "[No Variations]"
Change component parameters (AddParameter): Name = "Type"; Value = "X7R"; VariantName = "[No Variations]"
Change component parameters (AddParameter): Name = "Voltage Rating"; Value = "16V"; VariantName = "[No Variations]"
Change component parameters: Designator = "C9"; Footprint = "chip_0603"; UniqueID = "\HSOQUUIK"
Change component parameters. Clean all parameters for all variants
Change component parameters (AddParameter): Name = "Capacitance"; Value = "6pF"; VariantName = "[No Variations]"
Change component parameters (AddParameter): Name = "Part Number"; Value = "CAP-00538"; VariantName = "[No Variations]"
Change component parameters (AddParameter): Name = "Tolerance"; Value = "±10%"; VariantName = "[No Variations]"
Change component parameters (AddParameter): Name = "Type"; Value = "C0G"; VariantName = "[No Variations]"
Change component parameters (AddParameter): Name = "Voltage Rating"; Value = "50V"; VariantName = "[No Variations]"
Change component parameters: Designator = "C10"; Footprint = "chip_0603"; UniqueID = "\VVPWNIUD"
Change component parameters. Clean all parameters for all variants
Change component parameters (AddParameter): Name = "Capacitance"; Value = "6pF"; VariantName = "[No Variations]"
Change component parameters (AddParameter): Name = "Part Number"; Value = "CAP-00538"; VariantName = "[No Variations]"
Change component parameters (AddParameter): Name = "Tolerance"; Value = "±10%"; VariantName = "[No Variations]"
Change component parameters (AddParameter): Name = "Type"; Value = "C0G"; VariantName = "[No Variations]"
Change component parameters (AddParameter): Name = "Voltage Rating"; Value = "50V"; VariantName = "[No Variations]"
Change component parameters: Designator = "C15"; Footprint = "chip_1206"; UniqueID = "\QBTDDCRM"
Change component parameters. Clean all parameters for all variants
Change component parameters (AddParameter): Name = "Capacitance"; Value = "10uF"; VariantName = "[No Variations]"
Change component parameters (AddParameter): Name = "Manufacturer"; Value = "Samsung"; VariantName = "[No Variations]"
Change component parameters (AddParameter): Name = "Manufacturer PN"; Value = "CL31B106KAHNNNE"; VariantName = "[No Variations]"
Change component parameters (AddParameter): Name = "Part Number"; Value = "CAP-00539"; VariantName = "[No Variations]"
Change component parameters (AddParameter): Name = "Tolerance"; Value = "±10%"; VariantName = "[No Variations]"
Change component parameters (AddParameter): Name = "Type"; Value = "X7R"; VariantName = "[No Variations]"
Change component parameters (AddParameter): Name = "Voltage Rating"; Value = "25V"; VariantName = "[No Variations]"
Change component parameters: Designator = "C16"; Footprint = "chip_1206"; UniqueID = "\FJABXLLV"
Change component parameters. Clean all parameters for all variants
Change component parameters (AddParameter): Name = "Capacitance"; Value = "10uF"; VariantName = "[No Variations]"
Change component parameters (AddParameter): Name = "Manufacturer"; Value = "Samsung"; VariantName = "[No Variations]"
Change component parameters (AddParameter): Name = "Manufacturer PN"; Value = "CL31B106KAHNNNE"; VariantName = "[No Variations]"
Change component parameters (AddParameter): Name = "Part Number"; Value = "CAP-00539"; VariantName = "[No Variations]"
Change component parameters (AddParameter): Name = "Tolerance"; Value = "±10%"; VariantName = "[No Variations]"
Change component parameters (AddParameter): Name = "Type"; Value = "X7R"; VariantName = "[No Variations]"
Change component parameters (AddParameter): Name = "Voltage Rating"; Value = "25V"; VariantName = "[No Variations]"
Change component parameters: Designator = "D1"; Footprint = "chip_0603"; UniqueID = "\BFOTLVMN"
Change component parameters. Clean all parameters for all variants
Change component parameters (AddParameter): Name = "Cost"; Value = "0.58"; VariantName = "[No Variations]"
Change component parameters (AddParameter): Name = "Current Rating"; Value = "30mA"; VariantName = "[No Variations]"
Change component parameters (AddParameter): Name = "Forward Voltage"; Value = "2.65V"; VariantName = "[No Variations]"
Change component parameters (AddParameter): Name = "Manufacturer"; Value = "Kingbright"; VariantName = "[No Variations]"
Change component parameters (AddParameter): Name = "Manufacturer PN"; Value = "APT1608LZGCK"; VariantName = "[No Variations]"
Change component parameters (AddParameter): Name = "Part Number"; Value = "DIO-00050"; VariantName = "[No Variations]"
Change component parameters (AddParameter): Name = "Power Rating"; Value = "120mW"; VariantName = "[No Variations]"
Change component parameters (AddParameter): Name = "Reverse Breakdown Voltage"; Value = "5V"; VariantName = "[No Variations]"
Change component parameters (AddParameter): Name = "Tolerance"; Value = ""; VariantName = "[No Variations]"
Change component parameters (AddParameter): Name = "Type"; Value = "LED"; VariantName = "[No Variations]"
Change component parameters: Designator = "D2"; Footprint = "chip_0603"; UniqueID = "\NPQECVRY"
Change component parameters. Clean all parameters for all variants
Change component parameters (AddParameter): Name = "Cost"; Value = "0.58"; VariantName = "[No Variations]"
Change component parameters (AddParameter): Name = "Current Rating"; Value = "30mA"; VariantName = "[No Variations]"
Change component parameters (AddParameter): Name = "Forward Voltage"; Value = "2.65V"; VariantName = "[No Variations]"
Change component parameters (AddParameter): Name = "Manufacturer"; Value = "Kingbright"; VariantName = "[No Variations]"
Change component parameters (AddParameter): Name = "Manufacturer PN"; Value = "APT1608LZGCK"; VariantName = "[No Variations]"
Change component parameters (AddParameter): Name = "Part Number"; Value = "DIO-00050"; VariantName = "[No Variations]"
Change component parameters (AddParameter): Name = "Power Rating"; Value = "120mW"; VariantName = "[No Variations]"
Change component parameters (AddParameter): Name = "Reverse Breakdown Voltage"; Value = "5V"; VariantName = "[No Variations]"
Change component parameters (AddParameter): Name = "Tolerance"; Value = ""; VariantName = "[No Variations]"
Change component parameters (AddParameter): Name = "Type"; Value = "LED"; VariantName = "[No Variations]"
Change component parameters: Designator = "D3"; Footprint = "chip_0603"; UniqueID = "\MXOBAMFD"
Change component parameters. Clean all parameters for all variants
Change component parameters (AddParameter): Name = "Cost"; Value = "0.58"; VariantName = "[No Variations]"
Change component parameters (AddParameter): Name = "Current Rating"; Value = "30mA"; VariantName = "[No Variations]"
Change component parameters (AddParameter): Name = "Forward Voltage"; Value = "2.65V"; VariantName = "[No Variations]"
Change component parameters (AddParameter): Name = "Manufacturer"; Value = "Kingbright"; VariantName = "[No Variations]"
Change component parameters (AddParameter): Name = "Manufacturer PN"; Value = "APT1608LZGCK"; VariantName = "[No Variations]"
Change component parameters (AddParameter): Name = "Part Number"; Value = "DIO-00050"; VariantName = "[No Variations]"
Change component parameters (AddParameter): Name = "Power Rating"; Value = "120mW"; VariantName = "[No Variations]"
Change component parameters (AddParameter): Name = "Reverse Breakdown Voltage"; Value = "5V"; VariantName = "[No Variations]"
Change component parameters (AddParameter): Name = "Tolerance"; Value = ""; VariantName = "[No Variations]"
Change component parameters (AddParameter): Name = "Type"; Value = "LED"; VariantName = "[No Variations]"
Change component parameters: Designator = "D4"; Footprint = "chip_0603"; UniqueID = "\HPVENDJB"
Change component parameters. Clean all parameters for all variants
Change component parameters (AddParameter): Name = "Cost"; Value = "0.58"; VariantName = "[No Variations]"
Change component parameters (AddParameter): Name = "Current Rating"; Value = "30mA"; VariantName = "[No Variations]"
Change component parameters (AddParameter): Name = "Forward Voltage"; Value = "2.65V"; VariantName = "[No Variations]"
Change component parameters (AddParameter): Name = "Manufacturer"; Value = "Kingbright"; VariantName = "[No Variations]"
Change component parameters (AddParameter): Name = "Manufacturer PN"; Value = "APT1608LZGCK"; VariantName = "[No Variations]"
Change component parameters (AddParameter): Name = "Part Number"; Value = "DIO-00050"; VariantName = "[No Variations]"
Change component parameters (AddParameter): Name = "Power Rating"; Value = "120mW"; VariantName = "[No Variations]"
Change component parameters (AddParameter): Name = "Reverse Breakdown Voltage"; Value = "5V"; VariantName = "[No Variations]"
Change component parameters (AddParameter): Name = "Tolerance"; Value = ""; VariantName = "[No Variations]"
Change component parameters (AddParameter): Name = "Type"; Value = "LED"; VariantName = "[No Variations]"
Change component parameters: Designator = "D5"; Footprint = "chip_0603"; UniqueID = "\BCJHKGLX"
Change component parameters. Clean all parameters for all variants
Change component parameters (AddParameter): Name = "Cost"; Value = "0.58"; VariantName = "[No Variations]"
Change component parameters (AddParameter): Name = "Current Rating"; Value = "30mA"; VariantName = "[No Variations]"
Change component parameters (AddParameter): Name = "Forward Voltage"; Value = "2.65V"; VariantName = "[No Variations]"
Change component parameters (AddParameter): Name = "Manufacturer"; Value = "Kingbright"; VariantName = "[No Variations]"
Change component parameters (AddParameter): Name = "Manufacturer PN"; Value = "APT1608LZGCK"; VariantName = "[No Variations]"
Change component parameters (AddParameter): Name = "Part Number"; Value = "DIO-00050"; VariantName = "[No Variations]"
Change component parameters (AddParameter): Name = "Power Rating"; Value = "120mW"; VariantName = "[No Variations]"
Change component parameters (AddParameter): Name = "Reverse Breakdown Voltage"; Value = "5V"; VariantName = "[No Variations]"
Change component parameters (AddParameter): Name = "Tolerance"; Value = ""; VariantName = "[No Variations]"
Change component parameters (AddParameter): Name = "Type"; Value = "LED"; VariantName = "[No Variations]"
Change component parameters: Designator = "D6"; Footprint = "chip_0603"; UniqueID = "\ZLYNEXQS"
Change component parameters. Clean all parameters for all variants
Change component parameters (AddParameter): Name = "Cost"; Value = "0.58"; VariantName = "[No Variations]"
Change component parameters (AddParameter): Name = "Current Rating"; Value = "30mA"; VariantName = "[No Variations]"
Change component parameters (AddParameter): Name = "Forward Voltage"; Value = "2.65V"; VariantName = "[No Variations]"
Change component parameters (AddParameter): Name = "Manufacturer"; Value = "Kingbright"; VariantName = "[No Variations]"
Change component parameters (AddParameter): Name = "Manufacturer PN"; Value = "APT1608LZGCK"; VariantName = "[No Variations]"
Change component parameters (AddParameter): Name = "Part Number"; Value = "DIO-00050"; VariantName = "[No Variations]"
Change component parameters (AddParameter): Name = "Power Rating"; Value = "120mW"; VariantName = "[No Variations]"
Change component parameters (AddParameter): Name = "Reverse Breakdown Voltage"; Value = "5V"; VariantName = "[No Variations]"
Change component parameters (AddParameter): Name = "Tolerance"; Value = ""; VariantName = "[No Variations]"
Change component parameters (AddParameter): Name = "Type"; Value = "LED"; VariantName = "[No Variations]"
Change component parameters: Designator = "D7"; Footprint = "chip_0603"; UniqueID = "\ZRPYMMNQ"
Change component parameters. Clean all parameters for all variants
Change component parameters (AddParameter): Name = "Cost"; Value = "0.58"; VariantName = "[No Variations]"
Change component parameters (AddParameter): Name = "Current Rating"; Value = "30mA"; VariantName = "[No Variations]"
Change component parameters (AddParameter): Name = "Forward Voltage"; Value = "2.65V"; VariantName = "[No Variations]"
Change component parameters (AddParameter): Name = "Manufacturer"; Value = "Kingbright"; VariantName = "[No Variations]"
Change component parameters (AddParameter): Name = "Manufacturer PN"; Value = "APT1608LZGCK"; VariantName = "[No Variations]"
Change component parameters (AddParameter): Name = "Part Number"; Value = "DIO-00050"; VariantName = "[No Variations]"
Change component parameters (AddParameter): Name = "Power Rating"; Value = "120mW"; VariantName = "[No Variations]"
Change component parameters (AddParameter): Name = "Reverse Breakdown Voltage"; Value = "5V"; VariantName = "[No Variations]"
Change component parameters (AddParameter): Name = "Tolerance"; Value = ""; VariantName = "[No Variations]"
Change component parameters (AddParameter): Name = "Type"; Value = "LED"; VariantName = "[No Variations]"
Change component parameters: Designator = "D8"; Footprint = "chip_0603"; UniqueID = "\YDUDFSCX"
Change component parameters. Clean all parameters for all variants
Change component parameters (AddParameter): Name = "Cost"; Value = "0.58"; VariantName = "[No Variations]"
Change component parameters (AddParameter): Name = "Current Rating"; Value = "30mA"; VariantName = "[No Variations]"
Change component parameters (AddParameter): Name = "Forward Voltage"; Value = "2.65V"; VariantName = "[No Variations]"
Change component parameters (AddParameter): Name = "Manufacturer"; Value = "Kingbright"; VariantName = "[No Variations]"
Change component parameters (AddParameter): Name = "Manufacturer PN"; Value = "APT1608LZGCK"; VariantName = "[No Variations]"
Change component parameters (AddParameter): Name = "Part Number"; Value = "DIO-00050"; VariantName = "[No Variations]"
Change component parameters (AddParameter): Name = "Power Rating"; Value = "120mW"; VariantName = "[No Variations]"
Change component parameters (AddParameter): Name = "Reverse Breakdown Voltage"; Value = "5V"; VariantName = "[No Variations]"
Change component parameters (AddParameter): Name = "Tolerance"; Value = ""; VariantName = "[No Variations]"
Change component parameters (AddParameter): Name = "Type"; Value = "LED"; VariantName = "[No Variations]"
Added Component: Designator=C11(chip_0603)
Add component. Clean all parameters for all variants
Add component (AddParameter): Name = "Capacitance"; Value = "8pF"; VariantName = "[No Variations]"
Add component (AddParameter): Name = "Manufacturer"; Value = "Murata"; VariantName = "[No Variations]"
Add component (AddParameter): Name = "Manufacturer PN"; Value = "GRM1885C1H8R0BA01D"; VariantName = "[No Variations]"
Add component (AddParameter): Name = "Part Number"; Value = "CAP-00402"; VariantName = "[No Variations]"
Add component (AddParameter): Name = "Tolerance"; Value = "±0.1pF"; VariantName = "[No Variations]"
Add component (AddParameter): Name = "Type"; Value = "C0G"; VariantName = "[No Variations]"
Add component (AddParameter): Name = "Voltage Rating"; Value = "50V"; VariantName = "[No Variations]"
Added Component: Designator=C14(chip_1206)
Add component. Clean all parameters for all variants
Add component (AddParameter): Name = "Capacitance"; Value = "10uF"; VariantName = "[No Variations]"
Add component (AddParameter): Name = "Manufacturer"; Value = "Samsung"; VariantName = "[No Variations]"
Add component (AddParameter): Name = "Manufacturer PN"; Value = "CL31B106KAHNNNE"; VariantName = "[No Variations]"
Add component (AddParameter): Name = "Part Number"; Value = "CAP-00539"; VariantName = "[No Variations]"
Add component (AddParameter): Name = "Tolerance"; Value = "±10%"; VariantName = "[No Variations]"
Add component (AddParameter): Name = "Type"; Value = "X7R"; VariantName = "[No Variations]"
Add component (AddParameter): Name = "Voltage Rating"; Value = "25V"; VariantName = "[No Variations]"
Added Component: Designator=C25(chip_0603)
Add component. Clean all parameters for all variants
Add component (AddParameter): Name = "Capacitance"; Value = "0.1uF"; VariantName = "[No Variations]"
Add component (AddParameter): Name = "Manufacturer"; Value = "Murata"; VariantName = "[No Variations]"
Add component (AddParameter): Name = "Part Number"; Value = "CAP-00542"; VariantName = "[No Variations]"
Add component (AddParameter): Name = "Tolerance"; Value = "±10%"; VariantName = "[No Variations]"
Add component (AddParameter): Name = "Type"; Value = "X7R"; VariantName = "[No Variations]"
Add component (AddParameter): Name = "Voltage Rating"; Value = "16V"; VariantName = "[No Variations]"
Added Component: Designator=C26(chip_0603)
Add component. Clean all parameters for all variants
Add component (AddParameter): Name = "Capacitance"; Value = "0.1uF"; VariantName = "[No Variations]"
Add component (AddParameter): Name = "Manufacturer"; Value = "Murata"; VariantName = "[No Variations]"
Add component (AddParameter): Name = "Part Number"; Value = "CAP-00542"; VariantName = "[No Variations]"
Add component (AddParameter): Name = "Tolerance"; Value = "±10%"; VariantName = "[No Variations]"
Add component (AddParameter): Name = "Type"; Value = "X7R"; VariantName = "[No Variations]"
Add component (AddParameter): Name = "Voltage Rating"; Value = "16V"; VariantName = "[No Variations]"
Added Component: Designator=C27(chip_0603)
Add component. Clean all parameters for all variants
Add component (AddParameter): Name = "Capacitance"; Value = "0.1uF"; VariantName = "[No Variations]"
Add component (AddParameter): Name = "Manufacturer"; Value = "Murata"; VariantName = "[No Variations]"
Add component (AddParameter): Name = "Part Number"; Value = "CAP-00542"; VariantName = "[No Variations]"
Add component (AddParameter): Name = "Tolerance"; Value = "±10%"; VariantName = "[No Variations]"
Add component (AddParameter): Name = "Type"; Value = "X7R"; VariantName = "[No Variations]"
Add component (AddParameter): Name = "Voltage Rating"; Value = "16V"; VariantName = "[No Variations]"
Added Component: Designator=D9(chip_0603)
Add component. Clean all parameters for all variants
Add component (AddParameter): Name = "Cost"; Value = "0.58"; VariantName = "[No Variations]"
Add component (AddParameter): Name = "Current Rating"; Value = "30mA"; VariantName = "[No Variations]"
Add component (AddParameter): Name = "Forward Voltage"; Value = "2.65V"; VariantName = "[No Variations]"
Add component (AddParameter): Name = "Manufacturer"; Value = "Kingbright"; VariantName = "[No Variations]"
Add component (AddParameter): Name = "Manufacturer PN"; Value = "APT1608LVBC/D"; VariantName = "[No Variations]"
Add component (AddParameter): Name = "Part Number"; Value = "DIO-00049"; VariantName = "[No Variations]"
Add component (AddParameter): Name = "Power Rating"; Value = "120mW"; VariantName = "[No Variations]"
Add component (AddParameter): Name = "Reverse Breakdown Voltage"; Value = "5V"; VariantName = "[No Variations]"
Add component (AddParameter): Name = "Tolerance"; Value = ""; VariantName = "[No Variations]"
Add component (AddParameter): Name = "Type"; Value = "LED"; VariantName = "[No Variations]"
Added Component: Designator=Q1(SO-8)
Add component. Clean all parameters for all variants
Add component (AddParameter): Name = "Manufacturer"; Value = "ON Semi"; VariantName = "[No Variations]"
Add component (AddParameter): Name = "Manufacturer PN"; Value = "FDS4435BZ"; VariantName = "[No Variations]"
Add component (AddParameter): Name = "Max Current"; Value = "8.8A"; VariantName = "[No Variations]"
Add component (AddParameter): Name = "Max Power"; Value = "2.5W"; VariantName = "[No Variations]"
Add component (AddParameter): Name = "Max Voltage"; Value = "30V"; VariantName = "[No Variations]"
Add component (AddParameter): Name = "Part Number"; Value = "XSTR-00033"; VariantName = "[No Variations]"
Add component (AddParameter): Name = "Type"; Value = "PFET"; VariantName = "[No Variations]"
Add component (AddParameter): Name = "Vgs/Vce"; Value = "2.1V"; VariantName = "[No Variations]"
Added Component: Designator=R11(chip_0603)
Add component. Clean all parameters for all variants
Add component (AddParameter): Name = "Manufacturer"; Value = "Panasonic"; VariantName = "[No Variations]"
Add component (AddParameter): Name = "Manufacturer PN"; Value = "ERJ-PA3F1501V"; VariantName = "[No Variations]"
Add component (AddParameter): Name = "Part Number"; Value = "RES-00284"; VariantName = "[No Variations]"
Add component (AddParameter): Name = "Power Rating"; Value = "0.25W"; VariantName = "[No Variations]"
Add component (AddParameter): Name = "Resistance"; Value = "1.5k"; VariantName = "[No Variations]"
Add component (AddParameter): Name = "Tolerance"; Value = "1%"; VariantName = "[No Variations]"
Added Component: Designator=R20(chip_0603)
Add component. Clean all parameters for all variants
Add component (AddParameter): Name = "Manufacturer"; Value = "Panasonic"; VariantName = "[No Variations]"
Add component (AddParameter): Name = "Manufacturer PN"; Value = "ERJ-PA3F3300V"; VariantName = "[No Variations]"
Add component (AddParameter): Name = "Part Number"; Value = "RES-00221"; VariantName = "[No Variations]"
Add component (AddParameter): Name = "Tolerance"; Value = "1%"; VariantName = "[No Variations]"
Added Component: Designator=R21(chip_0603)
Add component. Clean all parameters for all variants
Add component (AddParameter): Name = "Manufacturer"; Value = "Panasonic"; VariantName = "[No Variations]"
Add component (AddParameter): Name = "Manufacturer PN"; Value = "ERJ-PA3F3300V"; VariantName = "[No Variations]"
Add component (AddParameter): Name = "Part Number"; Value = "RES-00221"; VariantName = "[No Variations]"
Add component (AddParameter): Name = "Tolerance"; Value = "1%"; VariantName = "[No Variations]"
Added Component: Designator=R22(chip_0603)
Add component. Clean all parameters for all variants
Add component (AddParameter): Name = "Manufacturer"; Value = "Panasonic"; VariantName = "[No Variations]"
Add component (AddParameter): Name = "Manufacturer PN"; Value = "ERJ-PA3F1501V"; VariantName = "[No Variations]"
Add component (AddParameter): Name = "Part Number"; Value = "RES-00284"; VariantName = "[No Variations]"
Add component (AddParameter): Name = "Power Rating"; Value = "0.25W"; VariantName = "[No Variations]"
Add component (AddParameter): Name = "Resistance"; Value = "1.5k"; VariantName = "[No Variations]"
Add component (AddParameter): Name = "Tolerance"; Value = "1%"; VariantName = "[No Variations]"
Added Component: Designator=R27(chip_0603)
Add component. Clean all parameters for all variants
Add component (AddParameter): Name = "Manufacturer"; Value = "Panasonic"; VariantName = "[No Variations]"
Add component (AddParameter): Name = "Manufacturer PN"; Value = "ERJ-PA3F1501V"; VariantName = "[No Variations]"
Add component (AddParameter): Name = "Part Number"; Value = "RES-00284"; VariantName = "[No Variations]"
Add component (AddParameter): Name = "Power Rating"; Value = "0.25W"; VariantName = "[No Variations]"
Add component (AddParameter): Name = "Resistance"; Value = "1.5k"; VariantName = "[No Variations]"
Add component (AddParameter): Name = "Tolerance"; Value = "1%"; VariantName = "[No Variations]"
Added Component: Designator=R29(chip_0603)
Add component. Clean all parameters for all variants
Add component (AddParameter): Name = "Manufacturer"; Value = "Panasonic"; VariantName = "[No Variations]"
Add component (AddParameter): Name = "Manufacturer PN"; Value = "ERJ-PA3F1501V"; VariantName = "[No Variations]"
Add component (AddParameter): Name = "Part Number"; Value = "RES-00284"; VariantName = "[No Variations]"
Add component (AddParameter): Name = "Power Rating"; Value = "0.25W"; VariantName = "[No Variations]"
Add component (AddParameter): Name = "Resistance"; Value = "1.5k"; VariantName = "[No Variations]"
Add component (AddParameter): Name = "Tolerance"; Value = "1%"; VariantName = "[No Variations]"
Added Component: Designator=R33(chip_0603)
Add component. Clean all parameters for all variants
Add component (AddParameter): Name = "Manufacturer"; Value = "Panasonic"; VariantName = "[No Variations]"
Add component (AddParameter): Name = "Manufacturer PN"; Value = "ERJ-PA3F1501V"; VariantName = "[No Variations]"
Add component (AddParameter): Name = "Part Number"; Value = "RES-00284"; VariantName = "[No Variations]"
Add component (AddParameter): Name = "Power Rating"; Value = "0.25W"; VariantName = "[No Variations]"
Add component (AddParameter): Name = "Resistance"; Value = "1.5k"; VariantName = "[No Variations]"
Add component (AddParameter): Name = "Tolerance"; Value = "1%"; VariantName = "[No Variations]"
Added Component: Designator=R35(chip_0603)
Add component. Clean all parameters for all variants
Add component (AddParameter): Name = "Manufacturer"; Value = "Panasonic"; VariantName = "[No Variations]"
Add component (AddParameter): Name = "Manufacturer PN"; Value = "ERJ-PA3F1501V"; VariantName = "[No Variations]"
Add component (AddParameter): Name = "Part Number"; Value = "RES-00284"; VariantName = "[No Variations]"
Add component (AddParameter): Name = "Power Rating"; Value = "0.25W"; VariantName = "[No Variations]"
Add component (AddParameter): Name = "Resistance"; Value = "1.5k"; VariantName = "[No Variations]"
Add component (AddParameter): Name = "Tolerance"; Value = "1%"; VariantName = "[No Variations]"
Added Component: Designator=R36(chip_0603)
Add component. Clean all parameters for all variants
Add component (AddParameter): Name = "Manufacturer"; Value = "Panasonic"; VariantName = "[No Variations]"
Add component (AddParameter): Name = "Manufacturer PN"; Value = "ERJ-PA3F1501V"; VariantName = "[No Variations]"
Add component (AddParameter): Name = "Part Number"; Value = "RES-00284"; VariantName = "[No Variations]"
Add component (AddParameter): Name = "Power Rating"; Value = "0.25W"; VariantName = "[No Variations]"
Add component (AddParameter): Name = "Resistance"; Value = "1.5k"; VariantName = "[No Variations]"
Add component (AddParameter): Name = "Tolerance"; Value = "1%"; VariantName = "[No Variations]"
Added Component: Designator=Y2(smd2-0)
Add component. Clean all parameters for all variants
Add component (AddParameter): Name = "ESR"; Value = "50"; VariantName = "[No Variations]"
Add component (AddParameter): Name = "Frequency"; Value = "16M"; VariantName = "[No Variations]"
Add component (AddParameter): Name = "Load Capacitance"; Value = "8pF"; VariantName = "[No Variations]"
Add component (AddParameter): Name = "Manufacturer"; Value = "NDK"; VariantName = "[No Variations]"
Add component (AddParameter): Name = "Manufacturer PN"; Value = "NX5032GA-16MHZ-STD-CSK-4"; VariantName = "[No Variations]"
Add component (AddParameter): Name = "Part Number"; Value = "OSC-00000"; VariantName = "[No Variations]"
Add component (AddParameter): Name = "Stability"; Value = "30ppm"; VariantName = "[No Variations]"
Add component (AddParameter): Name = "Tolerance"; Value = "20ppm"; VariantName = "[No Variations]"
Added Pin To Net: NetName=VCC Pin=C1-1
Added Pin To Net: NetName=VCC Pin=C2-1
Added Pin To Net: NetName=GND Pin=C11-2
Added Pin To Net: NetName=NetC24_2 Pin=C13-1
Added Pin To Net: NetName=VBAT_SWITCHED Pin=C14-1
Added Pin To Net: NetName=GND Pin=C14-2
Added Pin To Net: NetName=VBAT_SWITCHED Pin=C15-1
Added Pin To Net: NetName=VBAT_SWITCHED Pin=C16-1
Added Pin To Net: NetName=VBAT_SWITCHED Pin=C17-1
Added Pin To Net: NetName=VCC Pin=C24-1
Added Pin To Net: NetName=GND Pin=C24-2
Added Pin To Net: NetName=VCC Pin=C25-1
Added Pin To Net: NetName=GND Pin=C25-2
Added Pin To Net: NetName=VCC Pin=C26-1
Added Pin To Net: NetName=GND Pin=C26-2
Added Pin To Net: NetName=VCC Pin=C27-1
Added Pin To Net: NetName=GND Pin=C27-2
Added Pin To Net: NetName=GND Pin=D9-1
Added Pin To Net: NetName=VBAT_SWITCHED Pin=Q1-1
Added Pin To Net: NetName=VBAT_SWITCHED Pin=Q1-2
Added Pin To Net: NetName=VBAT_SWITCHED Pin=Q1-3
Added Pin To Net: NetName=GND Pin=Q1-4
Added Pin To Net: NetName=VCC Pin=R1-1
Added Pin To Net: NetName=S0_SCL Pin=R1-2
Added Pin To Net: NetName=VCC Pin=R3-1
Added Pin To Net: NetName=S1_SCL Pin=R3-2
Added Pin To Net: NetName=OPT_D Pin=R5-1
Added Pin To Net: NetName=GND Pin=R5-2
Added Pin To Net: NetName=OPT_C Pin=R6-1
Added Pin To Net: NetName=GND Pin=R6-2
Added Pin To Net: NetName=OPT_B Pin=R7-1
Added Pin To Net: NetName=GND Pin=R7-2
Added Pin To Net: NetName=VCC Pin=R9-1
Added Pin To Net: NetName=S2_SCL Pin=R9-2
Added Pin To Net: NetName=VCC Pin=R11-1
Added Pin To Net: NetName=S3_SCL Pin=R11-2
Added Pin To Net: NetName=LED_0 Pin=R13-1
Added Pin To Net: NetName=NetD1_2 Pin=R13-2
Added Pin To Net: NetName=LED_1 Pin=R14-1
Added Pin To Net: NetName=NetD4_2 Pin=R14-2
Added Pin To Net: NetName=LED_2 Pin=R15-1
Added Pin To Net: NetName=NetD3_2 Pin=R15-2
Added Pin To Net: NetName=GND Pin=R16-2
Added Pin To Net: NetName=LED_3 Pin=R17-1
Added Pin To Net: NetName=NetD2_2 Pin=R17-2
Added Pin To Net: NetName=LED_4 Pin=R18-1
Added Pin To Net: NetName=NetD5_2 Pin=R18-2
Added Pin To Net: NetName=LED_5 Pin=R19-1
Added Pin To Net: NetName=NetD6_2 Pin=R19-2
Added Pin To Net: NetName=LED_6 Pin=R20-1
Added Pin To Net: NetName=NetD7_2 Pin=R20-2
Added Pin To Net: NetName=LED_7 Pin=R21-1
Added Pin To Net: NetName=NetD8_2 Pin=R21-2
Added Pin To Net: NetName=VCC Pin=R22-1
Added Pin To Net: NetName=S4_SCL Pin=R22-2
Added Pin To Net: NetName=S5_SCL Pin=R24-2
Added Pin To Net: NetName=I2C_SDA Pin=R26-2
Added Pin To Net: NetName=VCC Pin=R27-1
Added Pin To Net: NetName=I2C_SCL Pin=R27-2
Added Pin To Net: NetName=VCC Pin=R29-2
Added Pin To Net: NetName=VCC Pin=R32-2
Added Pin To Net: NetName=VCC Pin=R33-2
Added Pin To Net: NetName=VCC Pin=R35-2
Added Pin To Net: NetName=VCC Pin=R36-2
Added Pin To Net: NetName=NetR16_1 Pin=U1-60
Added Pin To Net: NetName=NetC18_1 Pin=U2-11
Added Pin To Net: NetName=NetC18_1 Pin=U2-14
Change Net Name : Old Net Name=NetC24_2 New Net Name=NetC13_1
Change Net Name : Old Net Name=NetR21_1 New Net Name=NetR30_1
Change Net Name : Old Net Name=NetR22_1 New Net Name=NetR31_1
Change Net Name : Old Net Name=VBAT New Net Name=NetP10_2
Added Pin To Net: NetName=NetC9_1 Pin=C9-1
Added Pin To Net: NetName=NetC9_1 Pin=U1-3
Added Pin To Net: NetName=NetC9_1 Pin=Y1-1
Added Net: Name=NetC9_1
Added Pin To Net: NetName=NetC10_1 Pin=C10-1
Added Pin To Net: NetName=NetC10_1 Pin=U1-4
Added Pin To Net: NetName=NetC10_1 Pin=Y1-2
Added Net: Name=NetC10_1
Added Pin To Net: NetName=NetC11_1 Pin=C11-1
Added Pin To Net: NetName=NetC11_1 Pin=U1-5
Added Pin To Net: NetName=NetC11_1 Pin=Y2-1
Added Net: Name=NetC11_1
Added Pin To Net: NetName=NetC12_1 Pin=C12-1
Added Pin To Net: NetName=NetC12_1 Pin=U1-6
Added Pin To Net: NetName=NetC12_1 Pin=Y2-2
Added Net: Name=NetC12_1
Added Pin To Net: NetName=NetD9_2 Pin=D9-2
Added Pin To Net: NetName=NetD9_2 Pin=R28-2
Added Net: Name=NetD9_2
Added Pin To Net: NetName=NetQ1_5 Pin=Q1-5
Added Pin To Net: NetName=NetQ1_5 Pin=Q1-6
Added Pin To Net: NetName=NetQ1_5 Pin=Q1-7
Added Pin To Net: NetName=NetQ1_5 Pin=Q1-8
Added Pin To Net: NetName=NetQ1_5 Pin=SW3-3
Added Net: Name=NetQ1_5
Added Pin To Net: NetName=NetR29_1 Pin=R29-1
Added Pin To Net: NetName=NetR29_1 Pin=U3-17
Added Net: Name=NetR29_1
Added Pin To Net: NetName=NetR32_1 Pin=R32-1
Added Pin To Net: NetName=NetR32_1 Pin=U3-18
Added Net: Name=NetR32_1
Added Pin To Net: NetName=NetR33_1 Pin=R33-1
Added Pin To Net: NetName=NetR33_1 Pin=U2-1
Added Net: Name=NetR33_1
Added Pin To Net: NetName=NetR35_1 Pin=R35-1
Added Pin To Net: NetName=NetR35_1 Pin=U3-19
Added Net: Name=NetR35_1
Added Pin To Net: NetName=NetR36_1 Pin=R36-1
Added Pin To Net: NetName=NetR36_1 Pin=U3-20
Added Net: Name=NetR36_1
Added Member To Class: ClassName=Logic Member=Component C1 cap_single_np
Added Member To Class: ClassName=Logic Member=Component C6 cap_single_np
Added Member To Class: ClassName=Logic Member=Component C14 cap_single_np
Added Member To Class: ClassName=Logic Member=Component C19 cap_single_np
Added Member To Class: ClassName=Logic Member=Component C21 cap_single_np
Added Member To Class: ClassName=Logic Member=Component C23 cap_single_np
Added Member To Class: ClassName=Logic Member=Component C25 cap_single_np
Added Member To Class: ClassName=Logic Member=Component C26 cap_single_np
Added Member To Class: ClassName=Logic Member=Component C27 cap_single_np
Added Member To Class: ClassName=Logic Member=Component D9 diode_4
Added Member To Class: ClassName=Logic Member=Component Q1 p-mosfet-SSSGDDDD
Added Member To Class: ClassName=Logic Member=Component R36 res_single
Added Member To Class: ClassName=Logic Member=Component Y2 osc_xtal_2p_0
