Added Component: Designator=C0(can_2.5_0)
Add component. Clean all parameters for all variants
Add component (AddParameter): Name = "Capacitance"; Value = "10uF"; VariantName = "[No Variations]"
Add component (AddParameter): Name = "Manufacturer"; Value = "Nichicon"; VariantName = "[No Variations]"
Add component (AddParameter): Name = "Manufacturer PN"; Value = "UVR2A100MED"; VariantName = "[No Variations]"
Add component (AddParameter): Name = "Part Number"; Value = "CAP-00180"; VariantName = "[No Variations]"
Add component (AddParameter): Name = "Tolerance"; Value = "20%"; VariantName = "[No Variations]"
Add component (AddParameter): Name = "Type"; Value = "Al"; VariantName = "[No Variations]"
Add component (AddParameter): Name = "Voltage Rating"; Value = "100V"; VariantName = "[No Variations]"
Added Component: Designator=C1(chip_0805)
Add component. Clean all parameters for all variants
Add component (AddParameter): Name = "Capacitance"; Value = "0.10uF"; VariantName = "[No Variations]"
Add component (AddParameter): Name = "Manufacturer"; Value = "Murata"; VariantName = "[No Variations]"
Add component (AddParameter): Name = "Manufacturer PN"; Value = "GRM219R71C104KA01D"; VariantName = "[No Variations]"
Add component (AddParameter): Name = "Part Number"; Value = "CAP-00069"; VariantName = "[No Variations]"
Add component (AddParameter): Name = "Tolerance"; Value = "10%"; VariantName = "[No Variations]"
Add component (AddParameter): Name = "Type"; Value = "X7R"; VariantName = "[No Variations]"
Add component (AddParameter): Name = "Voltage Rating"; Value = "16V"; VariantName = "[No Variations]"
Added Component: Designator=C2(chip_0805)
Add component. Clean all parameters for all variants
Add component (AddParameter): Name = "Capacitance"; Value = "0.10uF"; VariantName = "[No Variations]"
Add component (AddParameter): Name = "Manufacturer"; Value = "Murata"; VariantName = "[No Variations]"
Add component (AddParameter): Name = "Manufacturer PN"; Value = "GRM219R71C104KA01D"; VariantName = "[No Variations]"
Add component (AddParameter): Name = "Part Number"; Value = "CAP-00069"; VariantName = "[No Variations]"
Add component (AddParameter): Name = "Tolerance"; Value = "10%"; VariantName = "[No Variations]"
Add component (AddParameter): Name = "Type"; Value = "X7R"; VariantName = "[No Variations]"
Add component (AddParameter): Name = "Voltage Rating"; Value = "16V"; VariantName = "[No Variations]"
Added Component: Designator=C3(chip_1210)
Add component. Clean all parameters for all variants
Add component (AddParameter): Name = "Capacitance"; Value = "10uF"; VariantName = "[No Variations]"
Add component (AddParameter): Name = "Cost"; Value = "$0.81"; VariantName = "[No Variations]"
Add component (AddParameter): Name = "Manufacturer"; Value = "Samsung Electro-Mechanics"; VariantName = "[No Variations]"
Add component (AddParameter): Name = "Manufacturer PN"; Value = "CL32B106KMVNNWE"; VariantName = "[No Variations]"
Add component (AddParameter): Name = "Part Number"; Value = "CAP-00554"; VariantName = "[No Variations]"
Add component (AddParameter): Name = "Tolerance"; Value = "±10%"; VariantName = "[No Variations]"
Add component (AddParameter): Name = "Type"; Value = "X7R"; VariantName = "[No Variations]"
Add component (AddParameter): Name = "Voltage Rating"; Value = "63V"; VariantName = "[No Variations]"
Added Component: Designator=C4(chip_0805)
Add component. Clean all parameters for all variants
Add component (AddParameter): Name = "Capacitance"; Value = "0.10uF"; VariantName = "[No Variations]"
Add component (AddParameter): Name = "Manufacturer"; Value = "Murata"; VariantName = "[No Variations]"
Add component (AddParameter): Name = "Manufacturer PN"; Value = "GRM219R71C104KA01D"; VariantName = "[No Variations]"
Add component (AddParameter): Name = "Part Number"; Value = "CAP-00069"; VariantName = "[No Variations]"
Add component (AddParameter): Name = "Tolerance"; Value = "10%"; VariantName = "[No Variations]"
Add component (AddParameter): Name = "Type"; Value = "X7R"; VariantName = "[No Variations]"
Add component (AddParameter): Name = "Voltage Rating"; Value = "16V"; VariantName = "[No Variations]"
Added Component: Designator=C5(chip_1210)
Add component. Clean all parameters for all variants
Add component (AddParameter): Name = "Capacitance"; Value = "2.2uF"; VariantName = "[No Variations]"
Add component (AddParameter): Name = "Cost"; Value = "$0.88"; VariantName = "[No Variations]"
Add component (AddParameter): Name = "Manufacturer"; Value = "TDK"; VariantName = "[No Variations]"
Add component (AddParameter): Name = "Manufacturer PN"; Value = "C3225X7R2A225M230AB"; VariantName = "[No Variations]"
Add component (AddParameter): Name = "Part Number"; Value = "CAP-00536"; VariantName = "[No Variations]"
Add component (AddParameter): Name = "Tolerance"; Value = "±20%"; VariantName = "[No Variations]"
Add component (AddParameter): Name = "Type"; Value = "X7R"; VariantName = "[No Variations]"
Add component (AddParameter): Name = "Voltage Rating"; Value = "100V"; VariantName = "[No Variations]"
Added Component: Designator=C6(chip_0805)
Add component. Clean all parameters for all variants
Add component (AddParameter): Name = "Capacitance"; Value = "0.10uF"; VariantName = "[No Variations]"
Add component (AddParameter): Name = "Manufacturer"; Value = "Murata"; VariantName = "[No Variations]"
Add component (AddParameter): Name = "Manufacturer PN"; Value = "GRM219R71C104KA01D"; VariantName = "[No Variations]"
Add component (AddParameter): Name = "Part Number"; Value = "CAP-00069"; VariantName = "[No Variations]"
Add component (AddParameter): Name = "Tolerance"; Value = "10%"; VariantName = "[No Variations]"
Add component (AddParameter): Name = "Type"; Value = "X7R"; VariantName = "[No Variations]"
Add component (AddParameter): Name = "Voltage Rating"; Value = "16V"; VariantName = "[No Variations]"
Added Component: Designator=C7(chip_0805)
Add component. Clean all parameters for all variants
Add component (AddParameter): Name = "Capacitance"; Value = "0.10uF"; VariantName = "[No Variations]"
Add component (AddParameter): Name = "Manufacturer"; Value = "Murata"; VariantName = "[No Variations]"
Add component (AddParameter): Name = "Manufacturer PN"; Value = "GRM219R71C104KA01D"; VariantName = "[No Variations]"
Add component (AddParameter): Name = "Part Number"; Value = "CAP-00069"; VariantName = "[No Variations]"
Add component (AddParameter): Name = "Tolerance"; Value = "10%"; VariantName = "[No Variations]"
Add component (AddParameter): Name = "Type"; Value = "X7R"; VariantName = "[No Variations]"
Add component (AddParameter): Name = "Voltage Rating"; Value = "16V"; VariantName = "[No Variations]"
Added Component: Designator=C8(chip_0805)
Add component. Clean all parameters for all variants
Add component (AddParameter): Name = "Capacitance"; Value = "0.10uF"; VariantName = "[No Variations]"
Add component (AddParameter): Name = "Manufacturer"; Value = "Murata"; VariantName = "[No Variations]"
Add component (AddParameter): Name = "Manufacturer PN"; Value = "GRM219R71C104KA01D"; VariantName = "[No Variations]"
Add component (AddParameter): Name = "Part Number"; Value = "CAP-00069"; VariantName = "[No Variations]"
Add component (AddParameter): Name = "Tolerance"; Value = "10%"; VariantName = "[No Variations]"
Add component (AddParameter): Name = "Type"; Value = "X7R"; VariantName = "[No Variations]"
Add component (AddParameter): Name = "Voltage Rating"; Value = "16V"; VariantName = "[No Variations]"
Added Component: Designator=C9(chip_0805)
Add component. Clean all parameters for all variants
Add component (AddParameter): Name = "Capacitance"; Value = "0.10uF"; VariantName = "[No Variations]"
Add component (AddParameter): Name = "Manufacturer"; Value = "Murata"; VariantName = "[No Variations]"
Add component (AddParameter): Name = "Manufacturer PN"; Value = "GRM219R71C104KA01D"; VariantName = "[No Variations]"
Add component (AddParameter): Name = "Part Number"; Value = "CAP-00069"; VariantName = "[No Variations]"
Add component (AddParameter): Name = "Tolerance"; Value = "10%"; VariantName = "[No Variations]"
Add component (AddParameter): Name = "Type"; Value = "X7R"; VariantName = "[No Variations]"
Add component (AddParameter): Name = "Voltage Rating"; Value = "16V"; VariantName = "[No Variations]"
Added Component: Designator=C10(chip_0805)
Add component. Clean all parameters for all variants
Add component (AddParameter): Name = "Capacitance"; Value = "0.10uF"; VariantName = "[No Variations]"
Add component (AddParameter): Name = "Manufacturer"; Value = "Murata"; VariantName = "[No Variations]"
Add component (AddParameter): Name = "Manufacturer PN"; Value = "GRM219R71C104KA01D"; VariantName = "[No Variations]"
Add component (AddParameter): Name = "Part Number"; Value = "CAP-00069"; VariantName = "[No Variations]"
Add component (AddParameter): Name = "Tolerance"; Value = "10%"; VariantName = "[No Variations]"
Add component (AddParameter): Name = "Type"; Value = "X7R"; VariantName = "[No Variations]"
Add component (AddParameter): Name = "Voltage Rating"; Value = "16V"; VariantName = "[No Variations]"
Added Component: Designator=C11(chip_0805)
Add component. Clean all parameters for all variants
Add component (AddParameter): Name = "Capacitance"; Value = "4.7uF"; VariantName = "[No Variations]"
Add component (AddParameter): Name = "Manufacturer"; Value = "Murata"; VariantName = "[No Variations]"
Add component (AddParameter): Name = "Manufacturer PN"; Value = "GRM21BR71A475KA73K"; VariantName = "[No Variations]"
Add component (AddParameter): Name = "Part Number"; Value = "CAP-00126"; VariantName = "[No Variations]"
Add component (AddParameter): Name = "Tolerance"; Value = "10%"; VariantName = "[No Variations]"
Add component (AddParameter): Name = "Type"; Value = "X7R"; VariantName = "[No Variations]"
Add component (AddParameter): Name = "Voltage Rating"; Value = "10V"; VariantName = "[No Variations]"
Added Component: Designator=C12(chip_0805)
Add component. Clean all parameters for all variants
Add component (AddParameter): Name = "Capacitance"; Value = "2.2uF"; VariantName = "[No Variations]"
Add component (AddParameter): Name = "Manufacturer"; Value = "Murata"; VariantName = "[No Variations]"
Add component (AddParameter): Name = "Manufacturer PN"; Value = "GRM21BR71C225KA12L"; VariantName = "[No Variations]"
Add component (AddParameter): Name = "Part Number"; Value = "CAP-00117"; VariantName = "[No Variations]"
Add component (AddParameter): Name = "Tolerance"; Value = "10%"; VariantName = "[No Variations]"
Add component (AddParameter): Name = "Type"; Value = "X7R"; VariantName = "[No Variations]"
Add component (AddParameter): Name = "Voltage Rating"; Value = "16V"; VariantName = "[No Variations]"
Added Component: Designator=C13(chip_0805)
Add component. Clean all parameters for all variants
Add component (AddParameter): Name = "Capacitance"; Value = "0.10uF"; VariantName = "[No Variations]"
Add component (AddParameter): Name = "Manufacturer"; Value = "Murata"; VariantName = "[No Variations]"
Add component (AddParameter): Name = "Manufacturer PN"; Value = "GRM219R71C104KA01D"; VariantName = "[No Variations]"
Add component (AddParameter): Name = "Part Number"; Value = "CAP-00069"; VariantName = "[No Variations]"
Add component (AddParameter): Name = "Tolerance"; Value = "10%"; VariantName = "[No Variations]"
Add component (AddParameter): Name = "Type"; Value = "X7R"; VariantName = "[No Variations]"
Add component (AddParameter): Name = "Voltage Rating"; Value = "16V"; VariantName = "[No Variations]"
Added Component: Designator=C14(chip_0805)
Add component. Clean all parameters for all variants
Add component (AddParameter): Name = "Capacitance"; Value = "1uF"; VariantName = "[No Variations]"
Add component (AddParameter): Name = "Manufacturer"; Value = "Murata"; VariantName = "[No Variations]"
Add component (AddParameter): Name = "Manufacturer PN"; Value = "GRM21BR71C105KA01L"; VariantName = "[No Variations]"
Add component (AddParameter): Name = "Part Number"; Value = "CAP-00107"; VariantName = "[No Variations]"
Add component (AddParameter): Name = "Tolerance"; Value = "10%"; VariantName = "[No Variations]"
Add component (AddParameter): Name = "Type"; Value = "X7R"; VariantName = "[No Variations]"
Add component (AddParameter): Name = "Voltage Rating"; Value = "16V"; VariantName = "[No Variations]"
Added Component: Designator=C15(chip_0603)
Add component. Clean all parameters for all variants
Add component (AddParameter): Name = "Capacitance"; Value = "10pF"; VariantName = "[No Variations]"
Add component (AddParameter): Name = "Manufacturer"; Value = "Murata"; VariantName = "[No Variations]"
Add component (AddParameter): Name = "Manufacturer PN"; Value = "GRM1885C1H100GA01D"; VariantName = "[No Variations]"
Add component (AddParameter): Name = "Part Number"; Value = "CAP-00471"; VariantName = "[No Variations]"
Add component (AddParameter): Name = "Tolerance"; Value = "±2%"; VariantName = "[No Variations]"
Add component (AddParameter): Name = "Type"; Value = "C0G"; VariantName = "[No Variations]"
Add component (AddParameter): Name = "Voltage Rating"; Value = "50V"; VariantName = "[No Variations]"
Added Component: Designator=C16(chip_0603)
Add component. Clean all parameters for all variants
Add component (AddParameter): Name = "Capacitance"; Value = "10pF"; VariantName = "[No Variations]"
Add component (AddParameter): Name = "Manufacturer"; Value = "Murata"; VariantName = "[No Variations]"
Add component (AddParameter): Name = "Manufacturer PN"; Value = "GRM1885C1H100GA01D"; VariantName = "[No Variations]"
Add component (AddParameter): Name = "Part Number"; Value = "CAP-00471"; VariantName = "[No Variations]"
Add component (AddParameter): Name = "Tolerance"; Value = "±2%"; VariantName = "[No Variations]"
Add component (AddParameter): Name = "Type"; Value = "C0G"; VariantName = "[No Variations]"
Add component (AddParameter): Name = "Voltage Rating"; Value = "50V"; VariantName = "[No Variations]"
Added Component: Designator=C17(chip_0603)
Add component. Clean all parameters for all variants
Add component (AddParameter): Name = "Capacitance"; Value = "10pF"; VariantName = "[No Variations]"
Add component (AddParameter): Name = "Manufacturer"; Value = "Murata"; VariantName = "[No Variations]"
Add component (AddParameter): Name = "Manufacturer PN"; Value = "GRM1885C1H100GA01D"; VariantName = "[No Variations]"
Add component (AddParameter): Name = "Part Number"; Value = "CAP-00471"; VariantName = "[No Variations]"
Add component (AddParameter): Name = "Tolerance"; Value = "±2%"; VariantName = "[No Variations]"
Add component (AddParameter): Name = "Type"; Value = "C0G"; VariantName = "[No Variations]"
Add component (AddParameter): Name = "Voltage Rating"; Value = "50V"; VariantName = "[No Variations]"
Added Component: Designator=C18(chip_0603)
Add component. Clean all parameters for all variants
Add component (AddParameter): Name = "Capacitance"; Value = "10pF"; VariantName = "[No Variations]"
Add component (AddParameter): Name = "Manufacturer"; Value = "Murata"; VariantName = "[No Variations]"
Add component (AddParameter): Name = "Manufacturer PN"; Value = "GRM1885C1H100GA01D"; VariantName = "[No Variations]"
Add component (AddParameter): Name = "Part Number"; Value = "CAP-00471"; VariantName = "[No Variations]"
Add component (AddParameter): Name = "Tolerance"; Value = "±2%"; VariantName = "[No Variations]"
Add component (AddParameter): Name = "Type"; Value = "C0G"; VariantName = "[No Variations]"
Add component (AddParameter): Name = "Voltage Rating"; Value = "50V"; VariantName = "[No Variations]"
Added Component: Designator=C19(chip_0805)
Add component. Clean all parameters for all variants
Add component (AddParameter): Name = "Capacitance"; Value = "0.10uF"; VariantName = "[No Variations]"
Add component (AddParameter): Name = "Manufacturer"; Value = "Murata"; VariantName = "[No Variations]"
Add component (AddParameter): Name = "Manufacturer PN"; Value = "GRM219R71C104KA01D"; VariantName = "[No Variations]"
Add component (AddParameter): Name = "Part Number"; Value = "CAP-00069"; VariantName = "[No Variations]"
Add component (AddParameter): Name = "Tolerance"; Value = "10%"; VariantName = "[No Variations]"
Add component (AddParameter): Name = "Type"; Value = "X7R"; VariantName = "[No Variations]"
Add component (AddParameter): Name = "Voltage Rating"; Value = "16V"; VariantName = "[No Variations]"
Added Component: Designator=C20(chip_0805)
Add component. Clean all parameters for all variants
Add component (AddParameter): Name = "Capacitance"; Value = "0.10uF"; VariantName = "[No Variations]"
Add component (AddParameter): Name = "Manufacturer"; Value = "Murata"; VariantName = "[No Variations]"
Add component (AddParameter): Name = "Manufacturer PN"; Value = "GRM219R71C104KA01D"; VariantName = "[No Variations]"
Add component (AddParameter): Name = "Part Number"; Value = "CAP-00069"; VariantName = "[No Variations]"
Add component (AddParameter): Name = "Tolerance"; Value = "10%"; VariantName = "[No Variations]"
Add component (AddParameter): Name = "Type"; Value = "X7R"; VariantName = "[No Variations]"
Add component (AddParameter): Name = "Voltage Rating"; Value = "16V"; VariantName = "[No Variations]"
Added Component: Designator=C21(chip_0805)
Add component. Clean all parameters for all variants
Add component (AddParameter): Name = "Capacitance"; Value = "0.10uF"; VariantName = "[No Variations]"
Add component (AddParameter): Name = "Manufacturer"; Value = "Murata"; VariantName = "[No Variations]"
Add component (AddParameter): Name = "Manufacturer PN"; Value = "GRM219R71C104KA01D"; VariantName = "[No Variations]"
Add component (AddParameter): Name = "Part Number"; Value = "CAP-00069"; VariantName = "[No Variations]"
Add component (AddParameter): Name = "Tolerance"; Value = "10%"; VariantName = "[No Variations]"
Add component (AddParameter): Name = "Type"; Value = "X7R"; VariantName = "[No Variations]"
Add component (AddParameter): Name = "Voltage Rating"; Value = "16V"; VariantName = "[No Variations]"
Added Component: Designator=C22(chip_0805)
Add component. Clean all parameters for all variants
Add component (AddParameter): Name = "Capacitance"; Value = "0.10uF"; VariantName = "[No Variations]"
Add component (AddParameter): Name = "Manufacturer"; Value = "Murata"; VariantName = "[No Variations]"
Add component (AddParameter): Name = "Manufacturer PN"; Value = "GRM219R71C104KA01D"; VariantName = "[No Variations]"
Add component (AddParameter): Name = "Part Number"; Value = "CAP-00069"; VariantName = "[No Variations]"
Add component (AddParameter): Name = "Tolerance"; Value = "10%"; VariantName = "[No Variations]"
Add component (AddParameter): Name = "Type"; Value = "X7R"; VariantName = "[No Variations]"
Add component (AddParameter): Name = "Voltage Rating"; Value = "16V"; VariantName = "[No Variations]"
Added Component: Designator=C23(chip_0805)
Add component. Clean all parameters for all variants
Add component (AddParameter): Name = "Capacitance"; Value = "0.10uF"; VariantName = "[No Variations]"
Add component (AddParameter): Name = "Manufacturer"; Value = "Murata"; VariantName = "[No Variations]"
Add component (AddParameter): Name = "Manufacturer PN"; Value = "GRM219R71C104KA01D"; VariantName = "[No Variations]"
Add component (AddParameter): Name = "Part Number"; Value = "CAP-00069"; VariantName = "[No Variations]"
Add component (AddParameter): Name = "Tolerance"; Value = "10%"; VariantName = "[No Variations]"
Add component (AddParameter): Name = "Type"; Value = "X7R"; VariantName = "[No Variations]"
Add component (AddParameter): Name = "Voltage Rating"; Value = "16V"; VariantName = "[No Variations]"
Added Component: Designator=C24(chip_0805)
Add component. Clean all parameters for all variants
Add component (AddParameter): Name = "Capacitance"; Value = "0.10uF"; VariantName = "[No Variations]"
Add component (AddParameter): Name = "Manufacturer"; Value = "Murata"; VariantName = "[No Variations]"
Add component (AddParameter): Name = "Manufacturer PN"; Value = "GRM219R71C104KA01D"; VariantName = "[No Variations]"
Add component (AddParameter): Name = "Part Number"; Value = "CAP-00069"; VariantName = "[No Variations]"
Add component (AddParameter): Name = "Tolerance"; Value = "10%"; VariantName = "[No Variations]"
Add component (AddParameter): Name = "Type"; Value = "X7R"; VariantName = "[No Variations]"
Add component (AddParameter): Name = "Voltage Rating"; Value = "16V"; VariantName = "[No Variations]"
Added Component: Designator=D0(chip_0603)
Add component. Clean all parameters for all variants
Add component (AddParameter): Name = "Cost"; Value = "0.34"; VariantName = "[No Variations]"
Add component (AddParameter): Name = "Current Rating"; Value = "20mA"; VariantName = "[No Variations]"
Add component (AddParameter): Name = "Manufacturer"; Value = "Rohm Semi"; VariantName = "[No Variations]"
Add component (AddParameter): Name = "Manufacturer PN"; Value = "SML-D12M8WT86"; VariantName = "[No Variations]"
Add component (AddParameter): Name = "Part Number"; Value = "DIO-00040"; VariantName = "[No Variations]"
Add component (AddParameter): Name = "Power Rating"; Value = "54mW"; VariantName = "[No Variations]"
Add component (AddParameter): Name = "Reverse Breakdown Voltage"; Value = "5V"; VariantName = "[No Variations]"
Add component (AddParameter): Name = "Tolerance"; Value = ""; VariantName = "[No Variations]"
Add component (AddParameter): Name = "Type"; Value = "LED"; VariantName = "[No Variations]"
Added Component: Designator=D1(chip_0603)
Add component. Clean all parameters for all variants
Add component (AddParameter): Name = "Cost"; Value = "0.34"; VariantName = "[No Variations]"
Add component (AddParameter): Name = "Current Rating"; Value = "20mA"; VariantName = "[No Variations]"
Add component (AddParameter): Name = "Forward Voltage"; Value = "2.2V"; VariantName = "[No Variations]"
Add component (AddParameter): Name = "Manufacturer"; Value = "Rohm Semi"; VariantName = "[No Variations]"
Add component (AddParameter): Name = "Manufacturer PN"; Value = "SML-D12M8WT86"; VariantName = "[No Variations]"
Add component (AddParameter): Name = "Part Number"; Value = "DIO-00040"; VariantName = "[No Variations]"
Add component (AddParameter): Name = "Power Rating"; Value = "54mW"; VariantName = "[No Variations]"
Add component (AddParameter): Name = "Reverse Breakdown Voltage"; Value = "5V"; VariantName = "[No Variations]"
Add component (AddParameter): Name = "Tolerance"; Value = ""; VariantName = "[No Variations]"
Add component (AddParameter): Name = "Type"; Value = "LED"; VariantName = "[No Variations]"
Added Component: Designator=D2(chip_0603)
Add component. Clean all parameters for all variants
Add component (AddParameter): Name = "Cost"; Value = "0.34"; VariantName = "[No Variations]"
Add component (AddParameter): Name = "Current Rating"; Value = "20mA"; VariantName = "[No Variations]"
Add component (AddParameter): Name = "Manufacturer"; Value = "Rohm Semi"; VariantName = "[No Variations]"
Add component (AddParameter): Name = "Manufacturer PN"; Value = "SML-D12M8WT86"; VariantName = "[No Variations]"
Add component (AddParameter): Name = "Part Number"; Value = "DIO-00040"; VariantName = "[No Variations]"
Add component (AddParameter): Name = "Power Rating"; Value = "54mW"; VariantName = "[No Variations]"
Add component (AddParameter): Name = "Reverse Breakdown Voltage"; Value = "5V"; VariantName = "[No Variations]"
Add component (AddParameter): Name = "Tolerance"; Value = ""; VariantName = "[No Variations]"
Add component (AddParameter): Name = "Type"; Value = "LED"; VariantName = "[No Variations]"
Added Component: Designator=D3(chip_0603)
Add component. Clean all parameters for all variants
Add component (AddParameter): Name = "Cost"; Value = "0.34"; VariantName = "[No Variations]"
Add component (AddParameter): Name = "Current Rating"; Value = "20mA"; VariantName = "[No Variations]"
Add component (AddParameter): Name = "Manufacturer"; Value = "Rohm Semi"; VariantName = "[No Variations]"
Add component (AddParameter): Name = "Manufacturer PN"; Value = "SML-D12M8WT86"; VariantName = "[No Variations]"
Add component (AddParameter): Name = "Part Number"; Value = "DIO-00040"; VariantName = "[No Variations]"
Add component (AddParameter): Name = "Power Rating"; Value = "54mW"; VariantName = "[No Variations]"
Add component (AddParameter): Name = "Reverse Breakdown Voltage"; Value = "5V"; VariantName = "[No Variations]"
Add component (AddParameter): Name = "Tolerance"; Value = ""; VariantName = "[No Variations]"
Add component (AddParameter): Name = "Type"; Value = "LED"; VariantName = "[No Variations]"
Added Component: Designator=D4(chip_0603)
Add component. Clean all parameters for all variants
Add component (AddParameter): Name = "Cost"; Value = "0.34"; VariantName = "[No Variations]"
Add component (AddParameter): Name = "Current Rating"; Value = "20mA"; VariantName = "[No Variations]"
Add component (AddParameter): Name = "Manufacturer"; Value = "Rohm Semi"; VariantName = "[No Variations]"
Add component (AddParameter): Name = "Manufacturer PN"; Value = "SML-D12M8WT86"; VariantName = "[No Variations]"
Add component (AddParameter): Name = "Part Number"; Value = "DIO-00040"; VariantName = "[No Variations]"
Add component (AddParameter): Name = "Power Rating"; Value = "54mW"; VariantName = "[No Variations]"
Add component (AddParameter): Name = "Reverse Breakdown Voltage"; Value = "5V"; VariantName = "[No Variations]"
Add component (AddParameter): Name = "Tolerance"; Value = ""; VariantName = "[No Variations]"
Add component (AddParameter): Name = "Type"; Value = "LED"; VariantName = "[No Variations]"
Added Component: Designator=D5(chip_0603)
Add component. Clean all parameters for all variants
Add component (AddParameter): Name = "Cost"; Value = "0.34"; VariantName = "[No Variations]"
Add component (AddParameter): Name = "Current Rating"; Value = "20mA"; VariantName = "[No Variations]"
Add component (AddParameter): Name = "Manufacturer"; Value = "Rohm Semi"; VariantName = "[No Variations]"
Add component (AddParameter): Name = "Manufacturer PN"; Value = "SML-D12M8WT86"; VariantName = "[No Variations]"
Add component (AddParameter): Name = "Part Number"; Value = "DIO-00040"; VariantName = "[No Variations]"
Add component (AddParameter): Name = "Power Rating"; Value = "54mW"; VariantName = "[No Variations]"
Add component (AddParameter): Name = "Reverse Breakdown Voltage"; Value = "5V"; VariantName = "[No Variations]"
Add component (AddParameter): Name = "Tolerance"; Value = ""; VariantName = "[No Variations]"
Add component (AddParameter): Name = "Type"; Value = "LED"; VariantName = "[No Variations]"
Added Component: Designator=D6(chip_0603)
Add component. Clean all parameters for all variants
Add component (AddParameter): Name = "Cost"; Value = "0.34"; VariantName = "[No Variations]"
Add component (AddParameter): Name = "Current Rating"; Value = "20mA"; VariantName = "[No Variations]"
Add component (AddParameter): Name = "Manufacturer"; Value = "Rohm Semi"; VariantName = "[No Variations]"
Add component (AddParameter): Name = "Manufacturer PN"; Value = "SML-D12M8WT86"; VariantName = "[No Variations]"
Add component (AddParameter): Name = "Part Number"; Value = "DIO-00040"; VariantName = "[No Variations]"
Add component (AddParameter): Name = "Power Rating"; Value = "54mW"; VariantName = "[No Variations]"
Add component (AddParameter): Name = "Reverse Breakdown Voltage"; Value = "5V"; VariantName = "[No Variations]"
Add component (AddParameter): Name = "Tolerance"; Value = ""; VariantName = "[No Variations]"
Add component (AddParameter): Name = "Type"; Value = "LED"; VariantName = "[No Variations]"
Added Component: Designator=D7(chip_0603)
Add component. Clean all parameters for all variants
Add component (AddParameter): Name = "Cost"; Value = "0.34"; VariantName = "[No Variations]"
Add component (AddParameter): Name = "Current Rating"; Value = "20mA"; VariantName = "[No Variations]"
Add component (AddParameter): Name = "Manufacturer"; Value = "Rohm Semi"; VariantName = "[No Variations]"
Add component (AddParameter): Name = "Manufacturer PN"; Value = "SML-D12M8WT86"; VariantName = "[No Variations]"
Add component (AddParameter): Name = "Part Number"; Value = "DIO-00040"; VariantName = "[No Variations]"
Add component (AddParameter): Name = "Power Rating"; Value = "54mW"; VariantName = "[No Variations]"
Add component (AddParameter): Name = "Reverse Breakdown Voltage"; Value = "5V"; VariantName = "[No Variations]"
Add component (AddParameter): Name = "Tolerance"; Value = ""; VariantName = "[No Variations]"
Add component (AddParameter): Name = "Type"; Value = "LED"; VariantName = "[No Variations]"
Added Component: Designator=D8(chip_0603)
Add component. Clean all parameters for all variants
Add component (AddParameter): Name = "Cost"; Value = "0.34"; VariantName = "[No Variations]"
Add component (AddParameter): Name = "Current Rating"; Value = "20mA"; VariantName = "[No Variations]"
Add component (AddParameter): Name = "Forward Voltage"; Value = "2.2V"; VariantName = "[No Variations]"
Add component (AddParameter): Name = "Manufacturer"; Value = "Rohm Semi"; VariantName = "[No Variations]"
Add component (AddParameter): Name = "Manufacturer PN"; Value = "SML-D12M8WT86"; VariantName = "[No Variations]"
Add component (AddParameter): Name = "Part Number"; Value = "DIO-00040"; VariantName = "[No Variations]"
Add component (AddParameter): Name = "Power Rating"; Value = "54mW"; VariantName = "[No Variations]"
Add component (AddParameter): Name = "Reverse Breakdown Voltage"; Value = "5V"; VariantName = "[No Variations]"
Add component (AddParameter): Name = "Tolerance"; Value = ""; VariantName = "[No Variations]"
Add component (AddParameter): Name = "Type"; Value = "LED"; VariantName = "[No Variations]"
Added Component: Designator=P0(JST_PHR_6_0)
Add component. Clean all parameters for all variants
Add component (AddParameter): Name = "Levels"; Value = "1"; VariantName = "[No Variations]"
Add component (AddParameter): Name = "Manufacturer"; Value = "JST"; VariantName = "[No Variations]"
Add component (AddParameter): Name = "Part Number"; Value = "CONN-00017"; VariantName = "[No Variations]"
Add component (AddParameter): Name = "Positions per level"; Value = "6"; VariantName = "[No Variations]"
Add component (AddParameter): Name = "Type"; Value = "Header"; VariantName = "[No Variations]"
Added Component: Designator=P1(JST_PHR_6_0)
Add component. Clean all parameters for all variants
Add component (AddParameter): Name = "Levels"; Value = "1"; VariantName = "[No Variations]"
Add component (AddParameter): Name = "Manufacturer"; Value = "JST"; VariantName = "[No Variations]"
Add component (AddParameter): Name = "Part Number"; Value = "CONN-00017"; VariantName = "[No Variations]"
Add component (AddParameter): Name = "Positions per level"; Value = "6"; VariantName = "[No Variations]"
Add component (AddParameter): Name = "Type"; Value = "Header"; VariantName = "[No Variations]"
Added Component: Designator=P2(JST_PHR_6_0)
Add component. Clean all parameters for all variants
Add component (AddParameter): Name = "Levels"; Value = "1"; VariantName = "[No Variations]"
Add component (AddParameter): Name = "Manufacturer"; Value = "JST"; VariantName = "[No Variations]"
Add component (AddParameter): Name = "Part Number"; Value = "CONN-00017"; VariantName = "[No Variations]"
Add component (AddParameter): Name = "Positions per level"; Value = "6"; VariantName = "[No Variations]"
Add component (AddParameter): Name = "Type"; Value = "Header"; VariantName = "[No Variations]"
Added Component: Designator=P3(JST_PHR_6_0)
Add component. Clean all parameters for all variants
Add component (AddParameter): Name = "Levels"; Value = "1"; VariantName = "[No Variations]"
Add component (AddParameter): Name = "Manufacturer"; Value = "JST"; VariantName = "[No Variations]"
Add component (AddParameter): Name = "Part Number"; Value = "CONN-00017"; VariantName = "[No Variations]"
Add component (AddParameter): Name = "Positions per level"; Value = "6"; VariantName = "[No Variations]"
Add component (AddParameter): Name = "Type"; Value = "Header"; VariantName = "[No Variations]"
Added Component: Designator=P4(JST_PHR_6_0)
Add component. Clean all parameters for all variants
Add component (AddParameter): Name = "Levels"; Value = "1"; VariantName = "[No Variations]"
Add component (AddParameter): Name = "Manufacturer"; Value = "JST"; VariantName = "[No Variations]"
Add component (AddParameter): Name = "Part Number"; Value = "CONN-00017"; VariantName = "[No Variations]"
Add component (AddParameter): Name = "Positions per level"; Value = "6"; VariantName = "[No Variations]"
Add component (AddParameter): Name = "Type"; Value = "Header"; VariantName = "[No Variations]"
Added Component: Designator=P5(JST_PHR_6_0)
Add component. Clean all parameters for all variants
Add component (AddParameter): Name = "Levels"; Value = "1"; VariantName = "[No Variations]"
Add component (AddParameter): Name = "Manufacturer"; Value = "JST"; VariantName = "[No Variations]"
Add component (AddParameter): Name = "Part Number"; Value = "CONN-00017"; VariantName = "[No Variations]"
Add component (AddParameter): Name = "Positions per level"; Value = "6"; VariantName = "[No Variations]"
Add component (AddParameter): Name = "Type"; Value = "Header"; VariantName = "[No Variations]"
Added Component: Designator=P6(HDDR_6X1_0)
Add component. Clean all parameters for all variants
Add component (AddParameter): Name = "Levels"; Value = "1"; VariantName = "[No Variations]"
Add component (AddParameter): Name = "Part Number"; Value = "CONN-00008"; VariantName = "[No Variations]"
Add component (AddParameter): Name = "Positions per level"; Value = "6"; VariantName = "[No Variations]"
Added Component: Designator=P7(HDDR_6X1_0)
Add component. Clean all parameters for all variants
Add component (AddParameter): Name = "Levels"; Value = "1"; VariantName = "[No Variations]"
Add component (AddParameter): Name = "Part Number"; Value = "CONN-00008"; VariantName = "[No Variations]"
Add component (AddParameter): Name = "Positions per level"; Value = "6"; VariantName = "[No Variations]"
Added Component: Designator=P8(BARR_0.5IN_2x1_0)
Add component. Clean all parameters for all variants
Add component (AddParameter): Name = "Cost"; Value = "1.68"; VariantName = "[No Variations]"
Add component (AddParameter): Name = "Current"; Value = "50"; VariantName = "[No Variations]"
Add component (AddParameter): Name = "Levels"; Value = "1"; VariantName = "[No Variations]"
Add component (AddParameter): Name = "Manufacturer"; Value = "Molex"; VariantName = "[No Variations]"
Add component (AddParameter): Name = "Manufacturer PN"; Value = "389690002"; VariantName = "[No Variations]"
Add component (AddParameter): Name = "Part Number"; Value = "CONN-00001"; VariantName = "[No Variations]"
Add component (AddParameter): Name = "Positions per level"; Value = "2"; VariantName = "[No Variations]"
Add component (AddParameter): Name = "Type"; Value = "Barrier Block"; VariantName = "[No Variations]"
Add component (AddParameter): Name = "Weight"; Value = "7.5"; VariantName = "[No Variations]"
Added Component: Designator=R0(chip_0603)
Add component. Clean all parameters for all variants
Add component (AddParameter): Name = "Manufacturer"; Value = "Panasonic"; VariantName = "[No Variations]"
Add component (AddParameter): Name = "Manufacturer PN"; Value = "ERJ-PA3F75R0V"; VariantName = "[No Variations]"
Add component (AddParameter): Name = "Part Number"; Value = "RES-00169"; VariantName = "[No Variations]"
Add component (AddParameter): Name = "Power Rating"; Value = "0.25W"; VariantName = "[No Variations]"
Add component (AddParameter): Name = "Resistance"; Value = "75"; VariantName = "[No Variations]"
Add component (AddParameter): Name = "Tolerance"; Value = "1%"; VariantName = "[No Variations]"
Added Component: Designator=R1(chip_0603)
Add component. Clean all parameters for all variants
Add component (AddParameter): Name = "Manufacturer"; Value = "Panasonic"; VariantName = "[No Variations]"
Add component (AddParameter): Name = "Manufacturer PN"; Value = "ERJ-PA3F1501V"; VariantName = "[No Variations]"
Add component (AddParameter): Name = "Part Number"; Value = "RES-00284"; VariantName = "[No Variations]"
Add component (AddParameter): Name = "Power Rating"; Value = "0.25W"; VariantName = "[No Variations]"
Add component (AddParameter): Name = "Resistance"; Value = "1.5k"; VariantName = "[No Variations]"
Add component (AddParameter): Name = "Tolerance"; Value = "1%"; VariantName = "[No Variations]"
Added Component: Designator=R2(chip_0603)
Add component. Clean all parameters for all variants
Add component (AddParameter): Name = "Manufacturer"; Value = "Panasonic"; VariantName = "[No Variations]"
Add component (AddParameter): Name = "Manufacturer PN"; Value = "ERJ-PA3F1501V"; VariantName = "[No Variations]"
Add component (AddParameter): Name = "Part Number"; Value = "RES-00284"; VariantName = "[No Variations]"
Add component (AddParameter): Name = "Power Rating"; Value = "0.25W"; VariantName = "[No Variations]"
Add component (AddParameter): Name = "Resistance"; Value = "1.5k"; VariantName = "[No Variations]"
Add component (AddParameter): Name = "Tolerance"; Value = "1%"; VariantName = "[No Variations]"
Added Component: Designator=R3(chip_0603)
Add component. Clean all parameters for all variants
Add component (AddParameter): Name = "Manufacturer"; Value = "Panasonic"; VariantName = "[No Variations]"
Add component (AddParameter): Name = "Manufacturer PN"; Value = "ERJ-PA3F1501V"; VariantName = "[No Variations]"
Add component (AddParameter): Name = "Part Number"; Value = "RES-00284"; VariantName = "[No Variations]"
Add component (AddParameter): Name = "Power Rating"; Value = "0.25W"; VariantName = "[No Variations]"
Add component (AddParameter): Name = "Resistance"; Value = "1.5k"; VariantName = "[No Variations]"
Add component (AddParameter): Name = "Tolerance"; Value = "1%"; VariantName = "[No Variations]"
Added Component: Designator=R4(chip_0603)
Add component. Clean all parameters for all variants
Add component (AddParameter): Name = "Manufacturer"; Value = "Panasonic"; VariantName = "[No Variations]"
Add component (AddParameter): Name = "Manufacturer PN"; Value = "ERJ-PA3F1501V"; VariantName = "[No Variations]"
Add component (AddParameter): Name = "Part Number"; Value = "RES-00284"; VariantName = "[No Variations]"
Add component (AddParameter): Name = "Power Rating"; Value = "0.25W"; VariantName = "[No Variations]"
Add component (AddParameter): Name = "Resistance"; Value = "1.5k"; VariantName = "[No Variations]"
Add component (AddParameter): Name = "Tolerance"; Value = "1%"; VariantName = "[No Variations]"
Added Component: Designator=R5(chip_0603)
Add component. Clean all parameters for all variants
Add component (AddParameter): Name = "Manufacturer"; Value = "Panasonic"; VariantName = "[No Variations]"
Add component (AddParameter): Name = "Manufacturer PN"; Value = "ERJ-PA3F1501V"; VariantName = "[No Variations]"
Add component (AddParameter): Name = "Part Number"; Value = "RES-00284"; VariantName = "[No Variations]"
Add component (AddParameter): Name = "Power Rating"; Value = "0.25W"; VariantName = "[No Variations]"
Add component (AddParameter): Name = "Resistance"; Value = "1.5k"; VariantName = "[No Variations]"
Add component (AddParameter): Name = "Tolerance"; Value = "1%"; VariantName = "[No Variations]"
Added Component: Designator=R6(chip_0603)
Add component. Clean all parameters for all variants
Add component (AddParameter): Name = "Manufacturer"; Value = "Panasonic"; VariantName = "[No Variations]"
Add component (AddParameter): Name = "Manufacturer PN"; Value = "ERJ-PA3F1501V"; VariantName = "[No Variations]"
Add component (AddParameter): Name = "Part Number"; Value = "RES-00284"; VariantName = "[No Variations]"
Add component (AddParameter): Name = "Power Rating"; Value = "0.25W"; VariantName = "[No Variations]"
Add component (AddParameter): Name = "Resistance"; Value = "1.5k"; VariantName = "[No Variations]"
Add component (AddParameter): Name = "Tolerance"; Value = "1%"; VariantName = "[No Variations]"
Added Component: Designator=R7(chip_0603)
Add component. Clean all parameters for all variants
Add component (AddParameter): Name = "Manufacturer"; Value = "Panasonic"; VariantName = "[No Variations]"
Add component (AddParameter): Name = "Manufacturer PN"; Value = "ERJ-PA3F1501V"; VariantName = "[No Variations]"
Add component (AddParameter): Name = "Part Number"; Value = "RES-00284"; VariantName = "[No Variations]"
Add component (AddParameter): Name = "Power Rating"; Value = "0.25W"; VariantName = "[No Variations]"
Add component (AddParameter): Name = "Resistance"; Value = "1.5k"; VariantName = "[No Variations]"
Add component (AddParameter): Name = "Tolerance"; Value = "1%"; VariantName = "[No Variations]"
Added Component: Designator=R8(chip_0603)
Add component. Clean all parameters for all variants
Add component (AddParameter): Name = "Manufacturer"; Value = "Panasonic"; VariantName = "[No Variations]"
Add component (AddParameter): Name = "Manufacturer PN"; Value = "ERJ-PA3F1501V"; VariantName = "[No Variations]"
Add component (AddParameter): Name = "Part Number"; Value = "RES-00284"; VariantName = "[No Variations]"
Add component (AddParameter): Name = "Power Rating"; Value = "0.25W"; VariantName = "[No Variations]"
Add component (AddParameter): Name = "Resistance"; Value = "1.5k"; VariantName = "[No Variations]"
Add component (AddParameter): Name = "Tolerance"; Value = "1%"; VariantName = "[No Variations]"
Added Component: Designator=R9(chip_0603)
Add component. Clean all parameters for all variants
Add component (AddParameter): Name = "Manufacturer"; Value = "Panasonic"; VariantName = "[No Variations]"
Add component (AddParameter): Name = "Manufacturer PN"; Value = "ERJ-PA3F1501V"; VariantName = "[No Variations]"
Add component (AddParameter): Name = "Part Number"; Value = "RES-00284"; VariantName = "[No Variations]"
Add component (AddParameter): Name = "Power Rating"; Value = "0.25W"; VariantName = "[No Variations]"
Add component (AddParameter): Name = "Resistance"; Value = "1.5k"; VariantName = "[No Variations]"
Add component (AddParameter): Name = "Tolerance"; Value = "1%"; VariantName = "[No Variations]"
Added Component: Designator=R10(chip_0603)
Add component. Clean all parameters for all variants
Add component (AddParameter): Name = "Manufacturer"; Value = "Panasonic"; VariantName = "[No Variations]"
Add component (AddParameter): Name = "Manufacturer PN"; Value = "ERJ-PA3F1501V"; VariantName = "[No Variations]"
Add component (AddParameter): Name = "Part Number"; Value = "RES-00284"; VariantName = "[No Variations]"
Add component (AddParameter): Name = "Power Rating"; Value = "0.25W"; VariantName = "[No Variations]"
Add component (AddParameter): Name = "Resistance"; Value = "1.5k"; VariantName = "[No Variations]"
Add component (AddParameter): Name = "Tolerance"; Value = "1%"; VariantName = "[No Variations]"
Added Component: Designator=R11(chip_0603)
Add component. Clean all parameters for all variants
Add component (AddParameter): Name = "Manufacturer"; Value = "Panasonic"; VariantName = "[No Variations]"
Add component (AddParameter): Name = "Manufacturer PN"; Value = "ERJ-PA3F1501V"; VariantName = "[No Variations]"
Add component (AddParameter): Name = "Part Number"; Value = "RES-00284"; VariantName = "[No Variations]"
Add component (AddParameter): Name = "Power Rating"; Value = "0.25W"; VariantName = "[No Variations]"
Add component (AddParameter): Name = "Resistance"; Value = "1.5k"; VariantName = "[No Variations]"
Add component (AddParameter): Name = "Tolerance"; Value = "1%"; VariantName = "[No Variations]"
Added Component: Designator=R12(chip_0603)
Add component. Clean all parameters for all variants
Add component (AddParameter): Name = "Manufacturer"; Value = "Panasonic"; VariantName = "[No Variations]"
Add component (AddParameter): Name = "Manufacturer PN"; Value = "ERJ-PA3F1501V"; VariantName = "[No Variations]"
Add component (AddParameter): Name = "Part Number"; Value = "RES-00284"; VariantName = "[No Variations]"
Add component (AddParameter): Name = "Power Rating"; Value = "0.25W"; VariantName = "[No Variations]"
Add component (AddParameter): Name = "Resistance"; Value = "1.5k"; VariantName = "[No Variations]"
Add component (AddParameter): Name = "Tolerance"; Value = "1%"; VariantName = "[No Variations]"
Added Component: Designator=R13(chip_0603)
Add component. Clean all parameters for all variants
Add component (AddParameter): Name = "Manufacturer"; Value = "Panasonic"; VariantName = "[No Variations]"
Add component (AddParameter): Name = "Manufacturer PN"; Value = "ERJ-PA3F1201V"; VariantName = "[No Variations]"
Add component (AddParameter): Name = "Part Number"; Value = "RES-00268"; VariantName = "[No Variations]"
Add component (AddParameter): Name = "Tolerance"; Value = "1%"; VariantName = "[No Variations]"
Added Component: Designator=R14(chip_0603)
Add component. Clean all parameters for all variants
Add component (AddParameter): Name = "Manufacturer"; Value = "Panasonic"; VariantName = "[No Variations]"
Add component (AddParameter): Name = "Manufacturer PN"; Value = "ERJ-PA3F1201V"; VariantName = "[No Variations]"
Add component (AddParameter): Name = "Part Number"; Value = "RES-00268"; VariantName = "[No Variations]"
Add component (AddParameter): Name = "Power Rating"; Value = "0.25W"; VariantName = "[No Variations]"
Add component (AddParameter): Name = "Resistance"; Value = "1.2k"; VariantName = "[No Variations]"
Add component (AddParameter): Name = "Tolerance"; Value = "1%"; VariantName = "[No Variations]"
Added Component: Designator=R15(chip_0603)
Add component. Clean all parameters for all variants
Add component (AddParameter): Name = "Manufacturer"; Value = "Panasonic"; VariantName = "[No Variations]"
Add component (AddParameter): Name = "Manufacturer PN"; Value = "ERJ-PA3F1501V"; VariantName = "[No Variations]"
Add component (AddParameter): Name = "Part Number"; Value = "RES-00284"; VariantName = "[No Variations]"
Add component (AddParameter): Name = "Power Rating"; Value = "0.25W"; VariantName = "[No Variations]"
Add component (AddParameter): Name = "Resistance"; Value = "1.5k"; VariantName = "[No Variations]"
Add component (AddParameter): Name = "Tolerance"; Value = "1%"; VariantName = "[No Variations]"
Added Component: Designator=R16(chip_0603)
Add component. Clean all parameters for all variants
Add component (AddParameter): Name = "Manufacturer"; Value = "Panasonic"; VariantName = "[No Variations]"
Add component (AddParameter): Name = "Manufacturer PN"; Value = "ERJ-PA3F1501V"; VariantName = "[No Variations]"
Add component (AddParameter): Name = "Part Number"; Value = "RES-00284"; VariantName = "[No Variations]"
Add component (AddParameter): Name = "Power Rating"; Value = "0.25W"; VariantName = "[No Variations]"
Add component (AddParameter): Name = "Resistance"; Value = "1.5k"; VariantName = "[No Variations]"
Add component (AddParameter): Name = "Tolerance"; Value = "1%"; VariantName = "[No Variations]"
Added Component: Designator=R17(chip_0603)
Add component. Clean all parameters for all variants
Add component (AddParameter): Name = "Manufacturer"; Value = "Panasonic"; VariantName = "[No Variations]"
Add component (AddParameter): Name = "Manufacturer PN"; Value = "ERJ-PA3F1501V"; VariantName = "[No Variations]"
Add component (AddParameter): Name = "Part Number"; Value = "RES-00284"; VariantName = "[No Variations]"
Add component (AddParameter): Name = "Power Rating"; Value = "0.25W"; VariantName = "[No Variations]"
Add component (AddParameter): Name = "Resistance"; Value = "1.5k"; VariantName = "[No Variations]"
Add component (AddParameter): Name = "Tolerance"; Value = "1%"; VariantName = "[No Variations]"
Added Component: Designator=R18(chip_0603)
Add component. Clean all parameters for all variants
Add component (AddParameter): Name = "Manufacturer"; Value = "Panasonic"; VariantName = "[No Variations]"
Add component (AddParameter): Name = "Manufacturer PN"; Value = "ERJ-PA3F1501V"; VariantName = "[No Variations]"
Add component (AddParameter): Name = "Part Number"; Value = "RES-00284"; VariantName = "[No Variations]"
Add component (AddParameter): Name = "Power Rating"; Value = "0.25W"; VariantName = "[No Variations]"
Add component (AddParameter): Name = "Resistance"; Value = "1.5k"; VariantName = "[No Variations]"
Add component (AddParameter): Name = "Tolerance"; Value = "1%"; VariantName = "[No Variations]"
Added Component: Designator=R19(chip_0603)
Add component. Clean all parameters for all variants
Add component (AddParameter): Name = "Manufacturer"; Value = "Panasonic"; VariantName = "[No Variations]"
Add component (AddParameter): Name = "Manufacturer PN"; Value = "ERJ-PA3F1501V"; VariantName = "[No Variations]"
Add component (AddParameter): Name = "Part Number"; Value = "RES-00284"; VariantName = "[No Variations]"
Add component (AddParameter): Name = "Power Rating"; Value = "0.25W"; VariantName = "[No Variations]"
Add component (AddParameter): Name = "Resistance"; Value = "1.5k"; VariantName = "[No Variations]"
Add component (AddParameter): Name = "Tolerance"; Value = "1%"; VariantName = "[No Variations]"
Added Component: Designator=R20(chip_0603)
Add component. Clean all parameters for all variants
Add component (AddParameter): Name = "Cost"; Value = "0.144"; VariantName = "[No Variations]"
Add component (AddParameter): Name = "Manufacturer"; Value = "Panasonic"; VariantName = "[No Variations]"
Add component (AddParameter): Name = "Manufacturer PN"; Value = "ERJ-PA3F1002V"; VariantName = "[No Variations]"
Add component (AddParameter): Name = "Part Number"; Value = "RES-00306"; VariantName = "[No Variations]"
Add component (AddParameter): Name = "Power Rating"; Value = "0.25W"; VariantName = "[No Variations]"
Add component (AddParameter): Name = "Resistance"; Value = "10k"; VariantName = "[No Variations]"
Add component (AddParameter): Name = "Tolerance"; Value = "1%"; VariantName = "[No Variations]"
Added Component: Designator=R21(chip_2512)
Add component. Clean all parameters for all variants
Add component (AddParameter): Name = "Cost"; Value = "0.64"; VariantName = "[No Variations]"
Add component (AddParameter): Name = "Manufacturer"; Value = "Panasonic"; VariantName = "[No Variations]"
Add component (AddParameter): Name = "Manufacturer PN"; Value = "ERJ-1TRQFR33U"; VariantName = "[No Variations]"
Add component (AddParameter): Name = "Part Number"; Value = "RES-00692"; VariantName = "[No Variations]"
Add component (AddParameter): Name = "Power Rating"; Value = "1W"; VariantName = "[No Variations]"
Add component (AddParameter): Name = "Resistance"; Value = "0.33"; VariantName = "[No Variations]"
Add component (AddParameter): Name = "Tolerance"; Value = "1%"; VariantName = "[No Variations]"
Added Component: Designator=R22(chip_2512)
Add component. Clean all parameters for all variants
Add component (AddParameter): Name = "Cost"; Value = "0.64"; VariantName = "[No Variations]"
Add component (AddParameter): Name = "Manufacturer"; Value = "Panasonic"; VariantName = "[No Variations]"
Add component (AddParameter): Name = "Manufacturer PN"; Value = "ERJ-1TRQFR33U"; VariantName = "[No Variations]"
Add component (AddParameter): Name = "Part Number"; Value = "RES-00692"; VariantName = "[No Variations]"
Add component (AddParameter): Name = "Power Rating"; Value = "1W"; VariantName = "[No Variations]"
Add component (AddParameter): Name = "Resistance"; Value = "0.33"; VariantName = "[No Variations]"
Add component (AddParameter): Name = "Tolerance"; Value = "1%"; VariantName = "[No Variations]"
Added Component: Designator=R23(chip_0603)
Add component. Clean all parameters for all variants
Add component (AddParameter): Name = "Manufacturer"; Value = "Panasonic"; VariantName = "[No Variations]"
Add component (AddParameter): Name = "Manufacturer PN"; Value = "ERJ-PA3F75R0V"; VariantName = "[No Variations]"
Add component (AddParameter): Name = "Part Number"; Value = "RES-00169"; VariantName = "[No Variations]"
Add component (AddParameter): Name = "Power Rating"; Value = "0.25W"; VariantName = "[No Variations]"
Add component (AddParameter): Name = "Resistance"; Value = "75"; VariantName = "[No Variations]"
Add component (AddParameter): Name = "Tolerance"; Value = "1%"; VariantName = "[No Variations]"
Added Component: Designator=R24(chip_0603)
Add component. Clean all parameters for all variants
Add component (AddParameter): Name = "Manufacturer"; Value = "Panasonic"; VariantName = "[No Variations]"
Add component (AddParameter): Name = "Manufacturer PN"; Value = "ERJ-PA3F75R0V"; VariantName = "[No Variations]"
Add component (AddParameter): Name = "Part Number"; Value = "RES-00169"; VariantName = "[No Variations]"
Add component (AddParameter): Name = "Tolerance"; Value = "1%"; VariantName = "[No Variations]"
Added Component: Designator=R25(chip_0603)
Add component. Clean all parameters for all variants
Add component (AddParameter): Name = "Manufacturer"; Value = "Panasonic"; VariantName = "[No Variations]"
Add component (AddParameter): Name = "Manufacturer PN"; Value = "ERJ-PA3F75R0V"; VariantName = "[No Variations]"
Add component (AddParameter): Name = "Part Number"; Value = "RES-00169"; VariantName = "[No Variations]"
Add component (AddParameter): Name = "Tolerance"; Value = "1%"; VariantName = "[No Variations]"
Added Component: Designator=R26(chip_0603)
Add component. Clean all parameters for all variants
Add component (AddParameter): Name = "Manufacturer"; Value = "Panasonic"; VariantName = "[No Variations]"
Add component (AddParameter): Name = "Manufacturer PN"; Value = "ERJ-PA3F75R0V"; VariantName = "[No Variations]"
Add component (AddParameter): Name = "Part Number"; Value = "RES-00169"; VariantName = "[No Variations]"
Add component (AddParameter): Name = "Tolerance"; Value = "1%"; VariantName = "[No Variations]"
Added Component: Designator=R27(chip_0603)
Add component. Clean all parameters for all variants
Add component (AddParameter): Name = "Manufacturer"; Value = "Panasonic"; VariantName = "[No Variations]"
Add component (AddParameter): Name = "Manufacturer PN"; Value = "ERJ-PA3F75R0V"; VariantName = "[No Variations]"
Add component (AddParameter): Name = "Part Number"; Value = "RES-00169"; VariantName = "[No Variations]"
Add component (AddParameter): Name = "Tolerance"; Value = "1%"; VariantName = "[No Variations]"
Added Component: Designator=R28(chip_0603)
Add component. Clean all parameters for all variants
Add component (AddParameter): Name = "Manufacturer"; Value = "Panasonic"; VariantName = "[No Variations]"
Add component (AddParameter): Name = "Manufacturer PN"; Value = "ERJ-PA3F75R0V"; VariantName = "[No Variations]"
Add component (AddParameter): Name = "Part Number"; Value = "RES-00169"; VariantName = "[No Variations]"
Add component (AddParameter): Name = "Tolerance"; Value = "1%"; VariantName = "[No Variations]"
Added Component: Designator=R29(chip_0603)
Add component. Clean all parameters for all variants
Add component (AddParameter): Name = "Manufacturer"; Value = "Panasonic"; VariantName = "[No Variations]"
Add component (AddParameter): Name = "Manufacturer PN"; Value = "ERJ-PA3F75R0V"; VariantName = "[No Variations]"
Add component (AddParameter): Name = "Part Number"; Value = "RES-00169"; VariantName = "[No Variations]"
Add component (AddParameter): Name = "Tolerance"; Value = "1%"; VariantName = "[No Variations]"
Added Component: Designator=R30(chip_0603)
Add component. Clean all parameters for all variants
Add component (AddParameter): Name = "Manufacturer"; Value = "Panasonic"; VariantName = "[No Variations]"
Add component (AddParameter): Name = "Manufacturer PN"; Value = "ERJ-PA3F75R0V"; VariantName = "[No Variations]"
Add component (AddParameter): Name = "Part Number"; Value = "RES-00169"; VariantName = "[No Variations]"
Add component (AddParameter): Name = "Tolerance"; Value = "1%"; VariantName = "[No Variations]"
Added Component: Designator=R31(chip_0603)
Add component. Clean all parameters for all variants
Add component (AddParameter): Name = "Manufacturer"; Value = "Panasonic"; VariantName = "[No Variations]"
Add component (AddParameter): Name = "Manufacturer PN"; Value = "ERJ-PA3F4700V"; VariantName = "[No Variations]"
Add component (AddParameter): Name = "Part Number"; Value = "RES-00236"; VariantName = "[No Variations]"
Add component (AddParameter): Name = "Tolerance"; Value = "1%"; VariantName = "[No Variations]"
Added Component: Designator=R32(chip_0603)
Add component. Clean all parameters for all variants
Add component (AddParameter): Name = "Manufacturer"; Value = "Panasonic"; VariantName = "[No Variations]"
Add component (AddParameter): Name = "Manufacturer PN"; Value = "ERJ-PA3F4700V"; VariantName = "[No Variations]"
Add component (AddParameter): Name = "Part Number"; Value = "RES-00236"; VariantName = "[No Variations]"
Add component (AddParameter): Name = "Tolerance"; Value = "1%"; VariantName = "[No Variations]"
Added Component: Designator=R33(chip_0603)
Add component. Clean all parameters for all variants
Add component (AddParameter): Name = "Manufacturer"; Value = "Panasonic"; VariantName = "[No Variations]"
Add component (AddParameter): Name = "Manufacturer PN"; Value = "ERJ-PA3F4700V"; VariantName = "[No Variations]"
Add component (AddParameter): Name = "Part Number"; Value = "RES-00236"; VariantName = "[No Variations]"
Add component (AddParameter): Name = "Tolerance"; Value = "1%"; VariantName = "[No Variations]"
Added Component: Designator=R34(chip_0603)
Add component. Clean all parameters for all variants
Add component (AddParameter): Name = "Manufacturer"; Value = "Panasonic"; VariantName = "[No Variations]"
Add component (AddParameter): Name = "Manufacturer PN"; Value = "ERJ-PA3F4700V"; VariantName = "[No Variations]"
Add component (AddParameter): Name = "Part Number"; Value = "RES-00236"; VariantName = "[No Variations]"
Add component (AddParameter): Name = "Power Rating"; Value = "0.25W"; VariantName = "[No Variations]"
Add component (AddParameter): Name = "Resistance"; Value = "470"; VariantName = "[No Variations]"
Add component (AddParameter): Name = "Tolerance"; Value = "1%"; VariantName = "[No Variations]"
Added Component: Designator=SW0(A6S-4104-H)
Add component. Clean all parameters for all variants
Add component (AddParameter): Name = "Cost"; Value = "1.51"; VariantName = "[No Variations]"
Add component (AddParameter): Name = "Manufacturer"; Value = "Omron"; VariantName = "[No Variations]"
Add component (AddParameter): Name = "Manufacturer PN"; Value = "A6S-4104-H"; VariantName = "[No Variations]"
Add component (AddParameter): Name = "Part Number"; Value = "MISC-00026"; VariantName = "[No Variations]"
Added Component: Designator=SW1(E-Switch_500SSPyS1M6yEA)
Add component. Clean all parameters for all variants
Add component (AddParameter): Name = "ComponentLink1Description"; Value = "Manufacturer Link"; VariantName = "[No Variations]"
Add component (AddParameter): Name = "ComponentLink1URL"; Value = "http://www.apem.com"; VariantName = "[No Variations]"
Add component (AddParameter): Name = "Cost"; Value = "3.93"; VariantName = "[No Variations]"
Add component (AddParameter): Name = "Current Rating"; Value = "*A"; VariantName = "[No Variations]"
Add component (AddParameter): Name = "Manufacturer"; Value = "E-Switch"; VariantName = "[No Variations]"
Add component (AddParameter): Name = "Manufacturer PN"; Value = "500SSP1S1M6QEA"; VariantName = "[No Variations]"
Add component (AddParameter): Name = "Part Number"; Value = "MISC-00033"; VariantName = "[No Variations]"
Added Component: Designator=SW2(KMR6)
Add component. Clean all parameters for all variants
Add component (AddParameter): Name = "Cost"; Value = "0.33"; VariantName = "[No Variations]"
Add component (AddParameter): Name = "Manufacturer"; Value = "C&K"; VariantName = "[No Variations]"
Add component (AddParameter): Name = "Manufacturer PN"; Value = "KMR621NG LFS"; VariantName = "[No Variations]"
Add component (AddParameter): Name = "Part Number"; Value = "MISC-00024"; VariantName = "[No Variations]"
Added Component: Designator=U0(LQFP64_0)
Add component. Clean all parameters for all variants
Add component (AddParameter): Name = "Manufacturer"; Value = "ST"; VariantName = "[No Variations]"
Add component (AddParameter): Name = "Manufacturer PN"; Value = "STM32F446RET6"; VariantName = "[No Variations]"
Add component (AddParameter): Name = "Part Number"; Value = "UCTRL-00002"; VariantName = "[No Variations]"
Added Component: Designator=U1(tssop-24_0)
Add component. Clean all parameters for all variants
Add component (AddParameter): Name = "Cost"; Value = "1.55"; VariantName = "[No Variations]"
Add component (AddParameter): Name = "Manufacture PN"; Value = ""; VariantName = "[No Variations]"
Add component (AddParameter): Name = "Manufacturer"; Value = "TI"; VariantName = "[No Variations]"
Add component (AddParameter): Name = "Manufacturer PN"; Value = "TCA9548A"; VariantName = "[No Variations]"
Add component (AddParameter): Name = "Part Number"; Value = "IFACE-00001"; VariantName = "[No Variations]"
Added Component: Designator=U2(HTSSOP-16_0)
Add component. Clean all parameters for all variants
Add component (AddParameter): Name = "Cost"; Value = "1.53"; VariantName = "[No Variations]"
Add component (AddParameter): Name = "Manufacturer"; Value = "TI"; VariantName = "[No Variations]"
Add component (AddParameter): Name = "Manufacturer PN"; Value = "DRV8848PWPR"; VariantName = "[No Variations]"
Add component (AddParameter): Name = "Part Number"; Value = "MISC-00022"; VariantName = "[No Variations]"
Added Component: Designator=U3(sot-223-4)
Add component. Clean all parameters for all variants
Add component (AddParameter): Name = "Cost"; Value = "1.14"; VariantName = "[No Variations]"
Add component (AddParameter): Name = "Fixed/Adj"; Value = "Fixed"; VariantName = "[No Variations]"
Add component (AddParameter): Name = "Manufacturer"; Value = "TI"; VariantName = "[No Variations]"
Add component (AddParameter): Name = "Manufacturer PN"; Value = "LM1117MPX-3.3/NOPB"; VariantName = "[No Variations]"
Add component (AddParameter): Name = "Max Current"; Value = "800mA"; VariantName = "[No Variations]"
Add component (AddParameter): Name = "Part Number"; Value = "PWREG-00018"; VariantName = "[No Variations]"
Add component (AddParameter): Name = "Reg Type"; Value = "Linear"; VariantName = "[No Variations]"
Add component (AddParameter): Name = "Voltage Range In"; Value = "4.5 - 15V"; VariantName = "[No Variations]"
Add component (AddParameter): Name = "Voltage Range Out"; Value = "3.3V"; VariantName = "[No Variations]"
Added Component: Designator=Y0(ABS25_OSC)
Add component. Clean all parameters for all variants
Add component (AddParameter): Name = "ESR"; Value = "50k"; VariantName = "[No Variations]"
Add component (AddParameter): Name = "Frequency"; Value = "32.768k"; VariantName = "[No Variations]"
Add component (AddParameter): Name = "Load Capacitance"; Value = "6pF"; VariantName = "[No Variations]"
Add component (AddParameter): Name = "Manufacturer"; Value = "Abracon"; VariantName = "[No Variations]"
Add component (AddParameter): Name = "Manufacturer PN"; Value = "ABS25-32.768KHZ-6-T"; VariantName = "[No Variations]"
Add component (AddParameter): Name = "Part Number"; Value = "OSC-00003"; VariantName = "[No Variations]"
Add component (AddParameter): Name = "Stability"; Value = "*ppm"; VariantName = "[No Variations]"
Add component (AddParameter): Name = "Tolerance"; Value = "20ppm"; VariantName = "[No Variations]"
Added Component: Designator=Y1(ABLS_AT49_OSC)
Add component. Clean all parameters for all variants
Add component (AddParameter): Name = "ESR"; Value = "80"; VariantName = "[No Variations]"
Add component (AddParameter): Name = "Frequency"; Value = "8.000M"; VariantName = "[No Variations]"
Add component (AddParameter): Name = "Load Capacitance"; Value = "18pF"; VariantName = "[No Variations]"
Add component (AddParameter): Name = "Manufacturer"; Value = "Abracon"; VariantName = "[No Variations]"
Add component (AddParameter): Name = "Manufacturer PN"; Value = "ABLS-8.000MHZ-B2-T"; VariantName = "[No Variations]"
Add component (AddParameter): Name = "Part Number"; Value = "OSC-00002"; VariantName = "[No Variations]"
Add component (AddParameter): Name = "Stability"; Value = "50ppm"; VariantName = "[No Variations]"
Add component (AddParameter): Name = "Tolerance"; Value = "20ppm"; VariantName = "[No Variations]"
Added Pin To Net: NetName=GND Pin=C0-2
Added Pin To Net: NetName=GND Pin=C1-2
Added Pin To Net: NetName=GND Pin=C2-2
Added Pin To Net: NetName=GND Pin=C3-2
Added Pin To Net: NetName=GND Pin=C4-2
Added Pin To Net: NetName=GND Pin=C5-2
Added Pin To Net: NetName=GND Pin=C6-1
Added Pin To Net: NetName=GND Pin=C7-2
Added Pin To Net: NetName=GND Pin=C8-2
Added Pin To Net: NetName=GND Pin=C9-2
Added Pin To Net: NetName=GND Pin=C10-2
Added Pin To Net: NetName=GND Pin=C11-2
Added Pin To Net: NetName=GND Pin=C12-2
Added Pin To Net: NetName=GND Pin=C13-2
Added Pin To Net: NetName=GND Pin=C14-2
Added Pin To Net: NetName=GND Pin=C15-2
Added Pin To Net: NetName=GND Pin=C16-2
Added Pin To Net: NetName=GND Pin=C17-2
Added Pin To Net: NetName=GND Pin=C18-2
Added Pin To Net: NetName=GND Pin=C19-2
Added Pin To Net: NetName=GND Pin=C20-2
Added Pin To Net: NetName=GND Pin=C21-2
Added Pin To Net: NetName=GND Pin=C22-2
Added Pin To Net: NetName=GND Pin=C23-2
Added Pin To Net: NetName=GND Pin=C24-2
Added Pin To Net: NetName=GND Pin=D0-1
Added Pin To Net: NetName=GND Pin=D1-1
Added Pin To Net: NetName=GND Pin=D2-1
Added Pin To Net: NetName=GND Pin=D3-1
Added Pin To Net: NetName=GND Pin=D4-1
Added Pin To Net: NetName=GND Pin=D5-1
Added Pin To Net: NetName=GND Pin=D6-1
Added Pin To Net: NetName=GND Pin=D7-1
Added Pin To Net: NetName=GND Pin=D8-1
Added Pin To Net: NetName=GND Pin=P0-6
Added Pin To Net: NetName=GND Pin=P1-6
Added Pin To Net: NetName=GND Pin=P2-6
Added Pin To Net: NetName=GND Pin=P3-6
Added Pin To Net: NetName=GND Pin=P4-6
Added Pin To Net: NetName=GND Pin=P5-6
Added Pin To Net: NetName=GND Pin=P6-6
Added Pin To Net: NetName=GND Pin=P7-6
Added Pin To Net: NetName=GND Pin=P8-1
Added Pin To Net: NetName=GND Pin=R21-2
Added Pin To Net: NetName=GND Pin=R22-2
Added Pin To Net: NetName=GND Pin=R31-2
Added Pin To Net: NetName=GND Pin=R32-2
Added Pin To Net: NetName=GND Pin=R33-2
Added Pin To Net: NetName=GND Pin=R34-2
Added Pin To Net: NetName=GND Pin=SW2-1
Added Pin To Net: NetName=GND Pin=SW2-3
Added Pin To Net: NetName=GND Pin=U0-12
Added Pin To Net: NetName=GND Pin=U0-18
Added Pin To Net: NetName=GND Pin=U0-31
Added Pin To Net: NetName=GND Pin=U0-47
Added Pin To Net: NetName=GND Pin=U0-63
Added Pin To Net: NetName=GND Pin=U1-12
Added Pin To Net: NetName=GND Pin=U2-13
Added Pin To Net: NetName=GND Pin=U2-17
Added Pin To Net: NetName=GND Pin=U3-1
Added Net: Name=GND
Added Pin To Net: NetName=I2C_RST Pin=U0-33
Added Pin To Net: NetName=I2C_RST Pin=U1-3
Added Net: Name=I2C_RST
Added Pin To Net: NetName=I2C_SCL Pin=R14-2
Added Pin To Net: NetName=I2C_SCL Pin=U0-37
Added Pin To Net: NetName=I2C_SCL Pin=U1-22
Added Net: Name=I2C_SCL
Added Pin To Net: NetName=I2C_SDA Pin=R13-2
Added Pin To Net: NetName=I2C_SDA Pin=U0-38
Added Pin To Net: NetName=I2C_SDA Pin=U1-23
Added Net: Name=I2C_SDA
Added Pin To Net: NetName=I2C_SEL0 Pin=U0-34
Added Pin To Net: NetName=I2C_SEL0 Pin=U1-1
Added Net: Name=I2C_SEL0
Added Pin To Net: NetName=I2C_SEL1 Pin=U0-35
Added Pin To Net: NetName=I2C_SEL1 Pin=U1-2
Added Net: Name=I2C_SEL1
Added Pin To Net: NetName=I2C_SEL2 Pin=U0-36
Added Pin To Net: NetName=I2C_SEL2 Pin=U1-21
Added Net: Name=I2C_SEL2
Added Pin To Net: NetName=M0_PWM0 Pin=U2-16
Added Net: Name=M0_PWM0
Added Pin To Net: NetName=M0_PWM1 Pin=U2-15
Added Net: Name=M0_PWM1
Added Pin To Net: NetName=M0_QA Pin=P6-4
Added Net: Name=M0_QA
Added Pin To Net: NetName=M0_QB Pin=P6-5
Added Net: Name=M0_QB
Added Pin To Net: NetName=M1_PWM0 Pin=U2-9
Added Net: Name=M1_PWM0
Added Pin To Net: NetName=M1_PWM1 Pin=U2-10
Added Net: Name=M1_PWM1
Added Pin To Net: NetName=M1_QA Pin=P7-4
Added Net: Name=M1_QA
Added Pin To Net: NetName=M1_QB Pin=P7-5
Added Net: Name=M1_QB
Added Pin To Net: NetName=MD0_A Pin=P6-1
Added Pin To Net: NetName=MD0_A Pin=U2-2
Added Net: Name=MD0_A
Added Pin To Net: NetName=MD0_B Pin=P6-2
Added Pin To Net: NetName=MD0_B Pin=U2-4
Added Net: Name=MD0_B
Added Pin To Net: NetName=MD1_A Pin=P7-1
Added Pin To Net: NetName=MD1_A Pin=U2-7
Added Net: Name=MD1_A
Added Pin To Net: NetName=MD1_B Pin=P7-2
Added Pin To Net: NetName=MD1_B Pin=U2-5
Added Net: Name=MD1_B
Added Pin To Net: NetName=MX_FAULT Pin=R20-1
Added Pin To Net: NetName=MX_FAULT Pin=U2-8
Added Net: Name=MX_FAULT
Added Pin To Net: NetName=NetC5_1 Pin=C5-1
Added Pin To Net: NetName=NetC5_1 Pin=U2-11
Added Pin To Net: NetName=NetC5_1 Pin=U2-14
Added Net: Name=NetC5_1
Added Pin To Net: NetName=NetC6_2 Pin=C6-2
Added Pin To Net: NetName=NetC6_2 Pin=SW2-2
Added Pin To Net: NetName=NetC6_2 Pin=SW2-4
Added Pin To Net: NetName=NetC6_2 Pin=U0-7
Added Net: Name=NetC6_2
Added Pin To Net: NetName=NetC15_1 Pin=C15-1
Added Pin To Net: NetName=NetC15_1 Pin=U0-3
Added Pin To Net: NetName=NetC15_1 Pin=Y0-1
Added Net: Name=NetC15_1
Added Pin To Net: NetName=NetC16_1 Pin=C16-1
Added Pin To Net: NetName=NetC16_1 Pin=U0-4
Added Pin To Net: NetName=NetC16_1 Pin=Y0-2
Added Net: Name=NetC16_1
Added Pin To Net: NetName=NetC17_1 Pin=C17-1
Added Pin To Net: NetName=NetC17_1 Pin=U0-5
Added Pin To Net: NetName=NetC17_1 Pin=Y1-1
Added Net: Name=NetC17_1
Added Pin To Net: NetName=NetC18_1 Pin=C18-1
Added Pin To Net: NetName=NetC18_1 Pin=U0-6
Added Pin To Net: NetName=NetC18_1 Pin=Y1-2
Added Net: Name=NetC18_1
Added Pin To Net: NetName=NetD0_2 Pin=D0-2
Added Pin To Net: NetName=NetD0_2 Pin=R23-2
Added Net: Name=NetD0_2
Added Pin To Net: NetName=NetD1_2 Pin=D1-2
Added Pin To Net: NetName=NetD1_2 Pin=R24-2
Added Net: Name=NetD1_2
Added Pin To Net: NetName=NetD2_2 Pin=D2-2
Added Pin To Net: NetName=NetD2_2 Pin=R25-2
Added Net: Name=NetD2_2
Added Pin To Net: NetName=NetD3_2 Pin=D3-2
Added Pin To Net: NetName=NetD3_2 Pin=R26-2
Added Net: Name=NetD3_2
Added Pin To Net: NetName=NetD4_2 Pin=D4-2
Added Pin To Net: NetName=NetD4_2 Pin=R27-2
Added Net: Name=NetD4_2
Added Pin To Net: NetName=NetD5_2 Pin=D5-2
Added Pin To Net: NetName=NetD5_2 Pin=R28-2
Added Net: Name=NetD5_2
Added Pin To Net: NetName=NetD6_2 Pin=D6-2
Added Pin To Net: NetName=NetD6_2 Pin=R29-2
Added Net: Name=NetD6_2
Added Pin To Net: NetName=NetD7_2 Pin=D7-2
Added Pin To Net: NetName=NetD7_2 Pin=R30-2
Added Net: Name=NetD7_2
Added Pin To Net: NetName=NetD8_2 Pin=D8-2
Added Pin To Net: NetName=NetD8_2 Pin=R0-2
Added Net: Name=NetD8_2
Added Pin To Net: NetName=NetR15_1 Pin=R15-1
Added Pin To Net: NetName=NetR15_1 Pin=U1-17
Added Net: Name=NetR15_1
Added Pin To Net: NetName=NetR16_1 Pin=R16-1
Added Pin To Net: NetName=NetR16_1 Pin=U1-18
Added Net: Name=NetR16_1
Added Pin To Net: NetName=NetR17_1 Pin=R17-1
Added Pin To Net: NetName=NetR17_1 Pin=U1-19
Added Net: Name=NetR17_1
Added Pin To Net: NetName=NetR18_1 Pin=R18-1
Added Pin To Net: NetName=NetR18_1 Pin=U1-20
Added Net: Name=NetR18_1
Added Pin To Net: NetName=NetR19_1 Pin=R19-1
Added Pin To Net: NetName=NetR19_1 Pin=U2-1
Added Net: Name=NetR19_1
Added Pin To Net: NetName=NetR21_1 Pin=R21-1
Added Pin To Net: NetName=NetR21_1 Pin=U2-6
Added Net: Name=NetR21_1
Added Pin To Net: NetName=NetR22_1 Pin=R22-1
Added Pin To Net: NetName=NetR22_1 Pin=U2-3
Added Net: Name=NetR22_1
Added Pin To Net: NetName=NetR23_1 Pin=R23-1
Added Pin To Net: NetName=NetR23_1 Pin=U0-14
Added Net: Name=NetR23_1
Added Pin To Net: NetName=NetR24_1 Pin=R24-1
Added Pin To Net: NetName=NetR24_1 Pin=U0-15
Added Net: Name=NetR24_1
Added Pin To Net: NetName=NetR25_1 Pin=R25-1
Added Pin To Net: NetName=NetR25_1 Pin=U0-16
Added Net: Name=NetR25_1
Added Pin To Net: NetName=NetR26_1 Pin=R26-1
Added Pin To Net: NetName=NetR26_1 Pin=U0-17
Added Net: Name=NetR26_1
Added Pin To Net: NetName=NetR27_1 Pin=R27-1
Added Pin To Net: NetName=NetR27_1 Pin=U0-20
Added Net: Name=NetR27_1
Added Pin To Net: NetName=NetR28_1 Pin=R28-1
Added Pin To Net: NetName=NetR28_1 Pin=U0-21
Added Net: Name=NetR28_1
Added Pin To Net: NetName=NetR29_1 Pin=R29-1
Added Pin To Net: NetName=NetR29_1 Pin=U0-22
Added Net: Name=NetR29_1
Added Pin To Net: NetName=NetR30_1 Pin=R30-1
Added Pin To Net: NetName=NetR30_1 Pin=U0-23
Added Net: Name=NetR30_1
Added Pin To Net: NetName=NetSW1_3 Pin=SW1-3
Added Pin To Net: NetName=NetSW1_3 Pin=U3-3
Added Net: Name=NetSW1_3
Added Pin To Net: NetName=OPT_A Pin=R34-1
Added Pin To Net: NetName=OPT_A Pin=SW0-8
Added Pin To Net: NetName=OPT_A Pin=U0-8
Added Net: Name=OPT_A
Added Pin To Net: NetName=OPT_B Pin=R33-1
Added Pin To Net: NetName=OPT_B Pin=SW0-7
Added Pin To Net: NetName=OPT_B Pin=U0-9
Added Net: Name=OPT_B
Added Pin To Net: NetName=OPT_C Pin=R32-1
Added Pin To Net: NetName=OPT_C Pin=SW0-6
Added Pin To Net: NetName=OPT_C Pin=U0-10
Added Net: Name=OPT_C
Added Pin To Net: NetName=OPT_D Pin=R31-1
Added Pin To Net: NetName=OPT_D Pin=SW0-5
Added Pin To Net: NetName=OPT_D Pin=U0-11
Added Net: Name=OPT_D
Added Pin To Net: NetName=S0_INT Pin=P0-2
Added Net: Name=S0_INT
Added Pin To Net: NetName=S0_SCL Pin=P0-4
Added Pin To Net: NetName=S0_SCL Pin=R1-2
Added Pin To Net: NetName=S0_SCL Pin=U1-5
Added Net: Name=S0_SCL
Added Pin To Net: NetName=S0_SDA Pin=P0-5
Added Pin To Net: NetName=S0_SDA Pin=R2-2
Added Pin To Net: NetName=S0_SDA Pin=U1-4
Added Net: Name=S0_SDA
Added Pin To Net: NetName=S0_XS Pin=P0-3
Added Net: Name=S0_XS
Added Pin To Net: NetName=S1_INT Pin=P1-2
Added Net: Name=S1_INT
Added Pin To Net: NetName=S1_SCL Pin=P1-4
Added Pin To Net: NetName=S1_SCL Pin=R3-2
Added Pin To Net: NetName=S1_SCL Pin=U1-7
Added Net: Name=S1_SCL
Added Pin To Net: NetName=S1_SDA Pin=P1-5
Added Pin To Net: NetName=S1_SDA Pin=R4-2
Added Pin To Net: NetName=S1_SDA Pin=U1-6
Added Net: Name=S1_SDA
Added Pin To Net: NetName=S1_XS Pin=P1-3
Added Net: Name=S1_XS
Added Pin To Net: NetName=S2_INT Pin=P2-2
Added Net: Name=S2_INT
Added Pin To Net: NetName=S2_SCL Pin=P2-4
Added Pin To Net: NetName=S2_SCL Pin=R5-2
Added Pin To Net: NetName=S2_SCL Pin=U1-9
Added Net: Name=S2_SCL
Added Pin To Net: NetName=S2_SDA Pin=P2-5
Added Pin To Net: NetName=S2_SDA Pin=R6-2
Added Pin To Net: NetName=S2_SDA Pin=U1-8
Added Net: Name=S2_SDA
Added Pin To Net: NetName=S2_XS Pin=P2-3
Added Net: Name=S2_XS
Added Pin To Net: NetName=S3_INT Pin=P3-2
Added Net: Name=S3_INT
Added Pin To Net: NetName=S3_SCL Pin=P3-4
Added Pin To Net: NetName=S3_SCL Pin=R7-2
Added Pin To Net: NetName=S3_SCL Pin=U1-11
Added Net: Name=S3_SCL
Added Pin To Net: NetName=S3_SDA Pin=P3-5
Added Pin To Net: NetName=S3_SDA Pin=R8-2
Added Pin To Net: NetName=S3_SDA Pin=U1-10
Added Net: Name=S3_SDA
Added Pin To Net: NetName=S3_XS Pin=P3-3
Added Net: Name=S3_XS
Added Pin To Net: NetName=S4_INT Pin=P4-2
Added Net: Name=S4_INT
Added Pin To Net: NetName=S4_SCL Pin=P4-4
Added Pin To Net: NetName=S4_SCL Pin=R9-2
Added Pin To Net: NetName=S4_SCL Pin=U1-14
Added Net: Name=S4_SCL
Added Pin To Net: NetName=S4_SDA Pin=P4-5
Added Pin To Net: NetName=S4_SDA Pin=R10-2
Added Pin To Net: NetName=S4_SDA Pin=U1-13
Added Net: Name=S4_SDA
Added Pin To Net: NetName=S4_XS Pin=P4-3
Added Net: Name=S4_XS
Added Pin To Net: NetName=S5_INT Pin=P5-2
Added Net: Name=S5_INT
Added Pin To Net: NetName=S5_SCL Pin=P5-4
Added Pin To Net: NetName=S5_SCL Pin=R11-2
Added Pin To Net: NetName=S5_SCL Pin=U1-16
Added Net: Name=S5_SCL
Added Pin To Net: NetName=S5_SDA Pin=P5-5
Added Pin To Net: NetName=S5_SDA Pin=R12-2
Added Pin To Net: NetName=S5_SDA Pin=U1-15
Added Net: Name=S5_SDA
Added Pin To Net: NetName=S5_XS Pin=P5-3
Added Net: Name=S5_XS
Added Pin To Net: NetName=VBAT Pin=C3-1
Added Pin To Net: NetName=VBAT Pin=C4-1
Added Pin To Net: NetName=VBAT Pin=P8-2
Added Pin To Net: NetName=VBAT Pin=SW1-2
Added Pin To Net: NetName=VBAT Pin=U2-12
Added Net: Name=VBAT
Added Pin To Net: NetName=VCC Pin=C0-1
Added Pin To Net: NetName=VCC Pin=C1-1
Added Pin To Net: NetName=VCC Pin=C2-1
Added Pin To Net: NetName=VCC Pin=C7-1
Added Pin To Net: NetName=VCC Pin=C8-1
Added Pin To Net: NetName=VCC Pin=C9-1
Added Pin To Net: NetName=VCC Pin=C10-1
Added Pin To Net: NetName=VCC Pin=C11-1
Added Pin To Net: NetName=VCC Pin=C12-1
Added Pin To Net: NetName=VCC Pin=C13-1
Added Pin To Net: NetName=VCC Pin=C14-1
Added Pin To Net: NetName=VCC Pin=C19-1
Added Pin To Net: NetName=VCC Pin=C20-1
Added Pin To Net: NetName=VCC Pin=C21-1
Added Pin To Net: NetName=VCC Pin=C22-1
Added Pin To Net: NetName=VCC Pin=C23-1
Added Pin To Net: NetName=VCC Pin=C24-1
Added Pin To Net: NetName=VCC Pin=P0-1
Added Pin To Net: NetName=VCC Pin=P1-1
Added Pin To Net: NetName=VCC Pin=P2-1
Added Pin To Net: NetName=VCC Pin=P3-1
Added Pin To Net: NetName=VCC Pin=P4-1
Added Pin To Net: NetName=VCC Pin=P5-1
Added Pin To Net: NetName=VCC Pin=P6-3
Added Pin To Net: NetName=VCC Pin=P7-3
Added Pin To Net: NetName=VCC Pin=R0-1
Added Pin To Net: NetName=VCC Pin=R1-1
Added Pin To Net: NetName=VCC Pin=R2-1
Added Pin To Net: NetName=VCC Pin=R3-1
Added Pin To Net: NetName=VCC Pin=R4-1
Added Pin To Net: NetName=VCC Pin=R5-1
Added Pin To Net: NetName=VCC Pin=R6-1
Added Pin To Net: NetName=VCC Pin=R7-1
Added Pin To Net: NetName=VCC Pin=R8-1
Added Pin To Net: NetName=VCC Pin=R9-1
Added Pin To Net: NetName=VCC Pin=R10-1
Added Pin To Net: NetName=VCC Pin=R11-1
Added Pin To Net: NetName=VCC Pin=R12-1
Added Pin To Net: NetName=VCC Pin=R13-1
Added Pin To Net: NetName=VCC Pin=R14-1
Added Pin To Net: NetName=VCC Pin=R15-2
Added Pin To Net: NetName=VCC Pin=R16-2
Added Pin To Net: NetName=VCC Pin=R17-2
Added Pin To Net: NetName=VCC Pin=R18-2
Added Pin To Net: NetName=VCC Pin=R19-2
Added Pin To Net: NetName=VCC Pin=R20-2
Added Pin To Net: NetName=VCC Pin=SW0-1
Added Pin To Net: NetName=VCC Pin=SW0-2
Added Pin To Net: NetName=VCC Pin=SW0-3
Added Pin To Net: NetName=VCC Pin=SW0-4
Added Pin To Net: NetName=VCC Pin=U0-13
Added Pin To Net: NetName=VCC Pin=U0-19
Added Pin To Net: NetName=VCC Pin=U0-30
Added Pin To Net: NetName=VCC Pin=U0-32
Added Pin To Net: NetName=VCC Pin=U0-48
Added Pin To Net: NetName=VCC Pin=U0-64
Added Pin To Net: NetName=VCC Pin=U1-24
Added Pin To Net: NetName=VCC Pin=U3-2
Added Pin To Net: NetName=VCC Pin=U3-4
Added Net: Name=VCC
Added Class: Name=Logic
Added Room: Name=Logic
