Removed Pin From Net: NetName=GND Pin=SW1-0
Removed Pin From Net: NetName=GND Pin=SW1-0
Change Component Designator: OldDesignator=R0 NewDesignator=R23
Change Component Designator: OldDesignator=R1 NewDesignator=R24
Change Component Designator: OldDesignator=R3 NewDesignator=R26
Change Component Designator: OldDesignator=R4 NewDesignator=R27
Change Component Designator: OldDesignator=R5 NewDesignator=R28
Change Component Designator: OldDesignator=R6 NewDesignator=R29
Change Component Designator: OldDesignator=R7 NewDesignator=R30
Change Component Designator: OldDesignator=R8 NewDesignator=R31
Change Component Designator: OldDesignator=R9 NewDesignator=R32
Change Component Designator: OldDesignator=R10 NewDesignator=R33
Change Component Designator: OldDesignator=R11 NewDesignator=R34
Change Component Designator: OldDesignator=R12 NewDesignator=R35
Change Component Designator: OldDesignator=R23 NewDesignator=R0
Change Component Designator: OldDesignator=R24 NewDesignator=R1
Change Component Designator: OldDesignator=R26 NewDesignator=R3
Change Component Designator: OldDesignator=R27 NewDesignator=R4
Change Component Designator: OldDesignator=R28 NewDesignator=R5
Change Component Designator: OldDesignator=R29 NewDesignator=R6
Change Component Designator: OldDesignator=R30 NewDesignator=R7
Change Component Designator: OldDesignator=R31 NewDesignator=R8
Change Component Designator: OldDesignator=R32 NewDesignator=R9
Change Component Designator: OldDesignator=R33 NewDesignator=R10
Change Component Designator: OldDesignator=R34 NewDesignator=R11
Change Component Designator: OldDesignator=R35 NewDesignator=R12
Change Net Name : Old Net Name=NetR35_1 New Net Name=NetR12_1
Added Member To Class: ClassName=Logic Member=Component C3 cap_single_np
Added Member To Class: ClassName=Logic Member=Component R2 res_single
Added Room: Name=Logic
